[35m[Appium][39m Welcome to Appium v1.17.1
[35m[Appium][39m Non-default server args:
[35m[Appium][39m   port: 50088
[35m[Appium][39m   loglevel: info
[35m[Appium][39m   tmpDir: C:\Users\ASUS\AppData\Local\Temp\\Katalon\Appium\Temp1589175404053
[35m[Appium][39m   chromedriverPort: 50089
[35m[Appium][39m Deprecated server args:
[35m[Appium][39m   [31m--chromedriver-port[39m => --default-capabilities '{"chromedriverPort":50089}'
[35m[Appium][39m Default capabilities, which will be added to each request unless overridden by desired capabilities:
[35m[Appium][39m   chromedriverPort: 50089
[35m[Appium][39m Appium REST http interface listener started on 0.0.0.0:50088
[35m[HTTP][39m [37m-->[39m [37mGET[39m [37m/wd/hub/status[39m
[35m[HTTP][39m [90m{}[39m
[35m[HTTP][39m [37m<-- GET /wd/hub/status [39m[32m200[39m [90m5 ms - 68[39m
[35m[HTTP][39m [90m[39m
[35m[HTTP][39m [37m-->[39m [37mGET[39m [37m/wd/hub/status[39m
[35m[HTTP][39m [90m{}[39m
[35m[HTTP][39m [37m<-- GET /wd/hub/status [39m[32m200[39m [90m1 ms - 68[39m
[35m[HTTP][39m [90m[39m
[35m[HTTP][39m [37m-->[39m [37mPOST[39m [37m/wd/hub/session[39m
[35m[HTTP][39m [90m{"desiredCapabilities":{"app":"D:\\PROJECTProgmob-master\\app\\build\\outputs\\apk\\debug\\app-debug.apk","noReset":true,"deviceName":"Xiaomi Redmi 4X (Android 7.1.2)","fullReset":false,"platform":"ANDROID","newCommandTimeout":1800,"platformVersion":"7.1.2","automationName":"uiautomator2","autoGrantPermissions":true,"platformName":"Android","udid":"acd3b8547d04","systemPort":50094},"capabilities":{"firstMatch":[{"appium:app":"D:\\PROJECTProgmob-master\\app\\build\\outputs\\apk\\debug\\app-debug.apk","appium:autoGrantPermissions":true,"appium:automationName":"uiautomator2","appium:deviceName":"Xiaomi Redmi 4X (Android 7.1.2)","appium:fullReset":false,"appium:newCommandTimeout":1800,"appium:noReset":true,"platform":"ANDROID","platformName":"android","appium:platformVersion":"7.1.2","appium:systemPort":50094,"appium:udid":"acd3b8547d04"}]}}[39m
[35m[BaseDriver][39m The following capabilities are not standard capabilities and should have an extension prefix:
[35m[BaseDriver][39m   platform
[35m[BaseDriver][39m   chromedriverPort
[35m[Appium][39m Appium v1.17.1 creating new AndroidUiautomator2Driver (v1.44.2) session
[35m[BaseDriver][39m The following capabilities were provided, but are not recognized by Appium:
[35m[BaseDriver][39m   platform
[35m[BaseDriver][39m Session created with session id: 7981fe2e-d6b7-4cb7-92ec-76b8ea85ef86
[35m[BaseDriver][39m Using local app 'D:\PROJECTProgmob-master\app\build\outputs\apk\debug\app-debug.apk'
[35m[ADB][39m Found 1 'build-tools' folders under 'C:\Users\ASUS\.katalon\tools\android_sdk' (newest first):
[35m[ADB][39m     C:/Users/ASUS/.katalon/tools/android_sdk/build-tools/29.0.3
[35m[ADB][39m Using 'adb.exe' from 'C:\Users\ASUS\.katalon\tools\android_sdk\platform-tools\adb.exe'
[35m[AndroidDriver][39m Retrieving device list
[35m[AndroidDriver][39m Using device: acd3b8547d04
[35m[ADB][39m Using 'adb.exe' from 'C:\Users\ASUS\.katalon\tools\android_sdk\platform-tools\adb.exe'
[35m[ADB][39m Package name: 'com.example.project'
[35m[ADB][39m Main activity name: 'com.example.project.SplashScreenActivity'
[35m[ADB][39m Using 'apksigner.jar' from 'C:\Users\ASUS\.katalon\tools\android_sdk\build-tools\29.0.3\lib\apksigner.jar'
[35m[UiAutomator2][39m Server packages are not going to be (re)installed
[35m[UiAutomator2][39m Starting UIAutomator2 server 4.5.5
[35m[UiAutomator2][39m Using UIAutomator2 server from 'C:\Users\ASUS\AppData\Roaming\npm\node_modules\appium\node_modules\appium-uiautomator2-server\apks\appium-uiautomator2-server-v4.5.5.apk' and test from 'C:\Users\ASUS\AppData\Roaming\npm\node_modules\appium\node_modules\appium-uiautomator2-server\apks\appium-uiautomator2-server-debug-androidTest.apk'
[35m[UiAutomator2][39m Waiting up to 30000ms for UiAutomator2 to be online...
[35m[WD Proxy][39m Got response with unknown status: {"errno":"ECONNRESET","code":"ECONNRESET","syscall":"read"}
[35m[WD Proxy][39m Got response with unknown status: {"errno":"ECONNRESET","code":"ECONNRESET","syscall":"read"}
[35m[WD Proxy][39m Determined the downstream protocol as 'W3C'
[35m[AndroidDriver][39m Screen already unlocked, doing nothing
[35m[UiAutomator2][39m Starting 'com.example.project/com.example.project.SplashScreenActivity and waiting for 'com.example.project/com.example.project.SplashScreenActivity'
[35m[Appium][39m New AndroidUiautomator2Driver session created successfully, session 7981fe2e-d6b7-4cb7-92ec-76b8ea85ef86 added to master session list
[35m[HTTP][39m [37m<-- POST /wd/hub/session [39m[32m200[39m [90m14590 ms - 1306[39m
[35m[HTTP][39m [90m[39m
[35m[HTTP][39m [37m-->[39m [37mGET[39m [37m/wd/hub/session/7981fe2e-d6b7-4cb7-92ec-76b8ea85ef86[39m
[35m[HTTP][39m [90m{}[39m
[35m[HTTP][39m [37m<-- GET /wd/hub/session/7981fe2e-d6b7-4cb7-92ec-76b8ea85ef86 [39m[32m200[39m [90m14 ms - 1238[39m
[35m[HTTP][39m [90m[39m
[35m[HTTP][39m [37m-->[39m [37mGET[39m [37m/wd/hub/session/7981fe2e-d6b7-4cb7-92ec-76b8ea85ef86[39m
[35m[HTTP][39m [90m{}[39m
[35m[HTTP][39m [37m<-- GET /wd/hub/session/7981fe2e-d6b7-4cb7-92ec-76b8ea85ef86 [39m[32m200[39m [90m12 ms - 1238[39m
[35m[HTTP][39m [90m[39m
[35m[HTTP][39m [37m-->[39m [37mGET[39m [37m/wd/hub/status[39m
[35m[HTTP][39m [90m{}[39m
[35m[HTTP][39m [37m<-- GET /wd/hub/status [39m[32m200[39m [90m1 ms - 68[39m
[35m[HTTP][39m [90m[39m
[35m[HTTP][39m [37m-->[39m [37mPOST[39m [37m/wd/hub/session/7981fe2e-d6b7-4cb7-92ec-76b8ea85ef86/timeouts[39m
[35m[HTTP][39m [90m{"implicit":60000}[39m
[35m[HTTP][39m [37m<-- POST /wd/hub/session/7981fe2e-d6b7-4cb7-92ec-76b8ea85ef86/timeouts [39m[32m200[39m [90m3 ms - 14[39m
[35m[HTTP][39m [90m[39m
[35m[HTTP][39m [37m-->[39m [37mGET[39m [37m/wd/hub/session/7981fe2e-d6b7-4cb7-92ec-76b8ea85ef86/source[39m
[35m[HTTP][39m [90m{}[39m
[35m[W3C (7981fe2e)][39m Driver proxy active, passing request on via HTTP proxy
[35m[WD Proxy][39m Replacing sessionId 1f01f552-4dac-49fb-896b-9a13b893a9ba with 7981fe2e-d6b7-4cb7-92ec-76b8ea85ef86
[35m[HTTP][39m [37m<-- GET /wd/hub/session/7981fe2e-d6b7-4cb7-92ec-76b8ea85ef86/source [39m[32m200[39m [90m743 ms - 3647[39m
[35m[HTTP][39m [90m[39m
[35m[HTTP][39m [37m-->[39m [37mGET[39m [37m/wd/hub/session/7981fe2e-d6b7-4cb7-92ec-76b8ea85ef86/screenshot[39m
[35m[HTTP][39m [90m{}[39m
[35m[HTTP][39m [37m<-- GET /wd/hub/session/7981fe2e-d6b7-4cb7-92ec-76b8ea85ef86/screenshot [39m[32m200[39m [90m874 ms - 326768[39m
[35m[HTTP][39m [90m[39m
[35m[HTTP][39m [37m-->[39m [37mGET[39m [37m/wd/hub/session/7981fe2e-d6b7-4cb7-92ec-76b8ea85ef86/window/rect[39m
[35m[HTTP][39m [90m{}[39m
[35m[HTTP][39m [37m<-- GET /wd/hub/session/7981fe2e-d6b7-4cb7-92ec-76b8ea85ef86/window/rect [39m[32m200[39m [90m29 ms - 49[39m
[35m[HTTP][39m [90m[39m
[35m[HTTP][39m [37m-->[39m [37mPOST[39m [37m/wd/hub/session/7981fe2e-d6b7-4cb7-92ec-76b8ea85ef86/elements[39m
[35m[HTTP][39m [90m{"using":"xpath","value":"//hierarchy/android.widget.FrameLayout[1]/android.widget.LinearLayout[1]/android.widget.FrameLayout[1]/android.view.ViewGroup[1]/android.widget.FrameLayout[1]/android.view.ViewGroup[1]/android.widget.TextView[1]"}[39m
[35m[HTTP][39m [37m<-- POST /wd/hub/session/7981fe2e-d6b7-4cb7-92ec-76b8ea85ef86/elements [39m[32m200[39m [90m214 ms - 139[39m
[35m[HTTP][39m [90m[39m
[35m[HTTP][39m [37m-->[39m [37mGET[39m [37m/wd/hub/session/7981fe2e-d6b7-4cb7-92ec-76b8ea85ef86/element/3c1e5abf-02d7-4146-a66e-7c9892b53ffb/location[39m
[35m[HTTP][39m [90m{}[39m
[35m[W3C (7981fe2e)][39m Driver proxy active, passing request on via HTTP proxy
[35m[WD Proxy][39m Replacing sessionId 1f01f552-4dac-49fb-896b-9a13b893a9ba with 7981fe2e-d6b7-4cb7-92ec-76b8ea85ef86
[35m[HTTP][39m [37m<-- GET /wd/hub/session/7981fe2e-d6b7-4cb7-92ec-76b8ea85ef86/element/3c1e5abf-02d7-4146-a66e-7c9892b53ffb/location [39m[32m200[39m [90m34 ms - 78[39m
[35m[HTTP][39m [90m[39m
[35m[HTTP][39m [37m-->[39m [37mPOST[39m [37m/wd/hub/session/7981fe2e-d6b7-4cb7-92ec-76b8ea85ef86/touch/perform[39m
[35m[HTTP][39m [90m{"actions":[{"action":"tap","options":{"x":1,"y":1,"element":"3c1e5abf-02d7-4146-a66e-7c9892b53ffb"}}]}[39m
[35m[UiAutomator2][39m calling get location: 3c1e5abf-02d7-4146-a66e-7c9892b53ffb
[35m[HTTP][39m [37m<-- POST /wd/hub/session/7981fe2e-d6b7-4cb7-92ec-76b8ea85ef86/touch/perform [39m[32m200[39m [90m66 ms - 14[39m
[35m[HTTP][39m [90m[39m
[35m[HTTP][39m [37m-->[39m [37mGET[39m [37m/wd/hub/session/7981fe2e-d6b7-4cb7-92ec-76b8ea85ef86/source[39m
[35m[HTTP][39m [90m{}[39m
[35m[W3C (7981fe2e)][39m Driver proxy active, passing request on via HTTP proxy
[35m[WD Proxy][39m Replacing sessionId 1f01f552-4dac-49fb-896b-9a13b893a9ba with 7981fe2e-d6b7-4cb7-92ec-76b8ea85ef86
[35m[HTTP][39m [37m<-- GET /wd/hub/session/7981fe2e-d6b7-4cb7-92ec-76b8ea85ef86/source [39m[32m200[39m [90m82 ms - 4940[39m
[35m[HTTP][39m [90m[39m
[35m[HTTP][39m [37m-->[39m [37mGET[39m [37m/wd/hub/session/7981fe2e-d6b7-4cb7-92ec-76b8ea85ef86/screenshot[39m
[35m[HTTP][39m [90m{}[39m
[35m[HTTP][39m [37m<-- GET /wd/hub/session/7981fe2e-d6b7-4cb7-92ec-76b8ea85ef86/screenshot [39m[32m200[39m [90m821 ms - 339654[39m
[35m[HTTP][39m [90m[39m
[35m[HTTP][39m [37m-->[39m [37mGET[39m [37m/wd/hub/session/7981fe2e-d6b7-4cb7-92ec-76b8ea85ef86/window/rect[39m
[35m[HTTP][39m [90m{}[39m
[35m[HTTP][39m [37m<-- GET /wd/hub/session/7981fe2e-d6b7-4cb7-92ec-76b8ea85ef86/window/rect [39m[32m200[39m [90m17 ms - 49[39m
[35m[HTTP][39m [90m[39m
[35m[HTTP][39m [37m-->[39m [37mPOST[39m [37m/wd/hub/session/7981fe2e-d6b7-4cb7-92ec-76b8ea85ef86/elements[39m
[35m[HTTP][39m [90m{"using":"xpath","value":"//hierarchy/android.widget.FrameLayout[1]/android.widget.LinearLayout[1]/android.widget.FrameLayout[1]/android.view.ViewGroup[1]/android.widget.FrameLayout[1]/android.view.ViewGroup[1]/android.widget.EditText[1]"}[39m
[35m[HTTP][39m [37m<-- POST /wd/hub/session/7981fe2e-d6b7-4cb7-92ec-76b8ea85ef86/elements [39m[32m200[39m [90m523 ms - 139[39m
[35m[HTTP][39m [90m[39m
[35m[HTTP][39m [37m-->[39m [37mGET[39m [37m/wd/hub/session/7981fe2e-d6b7-4cb7-92ec-76b8ea85ef86/element/24923d4f-3039-4837-bcd7-e6de45c4bd2a/location[39m
[35m[HTTP][39m [90m{}[39m
[35m[W3C (7981fe2e)][39m Driver proxy active, passing request on via HTTP proxy
[35m[WD Proxy][39m Replacing sessionId 1f01f552-4dac-49fb-896b-9a13b893a9ba with 7981fe2e-d6b7-4cb7-92ec-76b8ea85ef86
[35m[HTTP][39m [37m<-- GET /wd/hub/session/7981fe2e-d6b7-4cb7-92ec-76b8ea85ef86/element/24923d4f-3039-4837-bcd7-e6de45c4bd2a/location [39m[32m200[39m [90m32 ms - 78[39m
[35m[HTTP][39m [90m[39m
[35m[HTTP][39m [37m-->[39m [37mPOST[39m [37m/wd/hub/session/7981fe2e-d6b7-4cb7-92ec-76b8ea85ef86/touch/perform[39m
[35m[HTTP][39m [90m{"actions":[{"action":"tap","options":{"x":1,"y":1,"element":"24923d4f-3039-4837-bcd7-e6de45c4bd2a"}}]}[39m
[35m[UiAutomator2][39m calling get location: 24923d4f-3039-4837-bcd7-e6de45c4bd2a
[35m[HTTP][39m [37m<-- POST /wd/hub/session/7981fe2e-d6b7-4cb7-92ec-76b8ea85ef86/touch/perform [39m[32m200[39m [90m79 ms - 14[39m
[35m[HTTP][39m [90m[39m
[35m[HTTP][39m [37m-->[39m [37mGET[39m [37m/wd/hub/session/7981fe2e-d6b7-4cb7-92ec-76b8ea85ef86/source[39m
[35m[HTTP][39m [90m{}[39m
[35m[W3C (7981fe2e)][39m Driver proxy active, passing request on via HTTP proxy
[35m[WD Proxy][39m Replacing sessionId 1f01f552-4dac-49fb-896b-9a13b893a9ba with 7981fe2e-d6b7-4cb7-92ec-76b8ea85ef86
[35m[HTTP][39m [37m<-- GET /wd/hub/session/7981fe2e-d6b7-4cb7-92ec-76b8ea85ef86/source [39m[32m200[39m [90m794 ms - 4068[39m
[35m[HTTP][39m [90m[39m
[35m[HTTP][39m [37m-->[39m [37mGET[39m [37m/wd/hub/session/7981fe2e-d6b7-4cb7-92ec-76b8ea85ef86/screenshot[39m
[35m[HTTP][39m [90m{}[39m
[35m[HTTP][39m [37m<-- GET /wd/hub/session/7981fe2e-d6b7-4cb7-92ec-76b8ea85ef86/screenshot [39m[32m200[39m [90m868 ms - 384064[39m
[35m[HTTP][39m [90m[39m
[35m[HTTP][39m [37m-->[39m [37mGET[39m [37m/wd/hub/session/7981fe2e-d6b7-4cb7-92ec-76b8ea85ef86/window/rect[39m
[35m[HTTP][39m [90m{}[39m
[35m[HTTP][39m [37m<-- GET /wd/hub/session/7981fe2e-d6b7-4cb7-92ec-76b8ea85ef86/window/rect [39m[32m200[39m [90m17 ms - 49[39m
[35m[HTTP][39m [90m[39m
[35m[HTTP][39m [37m-->[39m [37mPOST[39m [37m/wd/hub/session/7981fe2e-d6b7-4cb7-92ec-76b8ea85ef86/elements[39m
[35m[HTTP][39m [90m{"using":"xpath","value":"//hierarchy/android.widget.FrameLayout[1]/android.widget.LinearLayout[1]/android.widget.FrameLayout[1]/android.view.ViewGroup[1]/android.widget.FrameLayout[1]/android.view.ViewGroup[1]/android.widget.EditText[1]"}[39m
[35m[HTTP][39m [37m<-- POST /wd/hub/session/7981fe2e-d6b7-4cb7-92ec-76b8ea85ef86/elements [39m[32m200[39m [90m130 ms - 139[39m
[35m[HTTP][39m [90m[39m
[35m[HTTP][39m [37m-->[39m [37mGET[39m [37m/wd/hub/session/7981fe2e-d6b7-4cb7-92ec-76b8ea85ef86/element/9cf9fca9-f3be-4aae-87f1-34c5a720ccf2/location[39m
[35m[HTTP][39m [90m{}[39m
[35m[W3C (7981fe2e)][39m Driver proxy active, passing request on via HTTP proxy
[35m[WD Proxy][39m Replacing sessionId 1f01f552-4dac-49fb-896b-9a13b893a9ba with 7981fe2e-d6b7-4cb7-92ec-76b8ea85ef86
[35m[HTTP][39m [37m<-- GET /wd/hub/session/7981fe2e-d6b7-4cb7-92ec-76b8ea85ef86/element/9cf9fca9-f3be-4aae-87f1-34c5a720ccf2/location [39m[32m200[39m [90m30 ms - 78[39m
[35m[HTTP][39m [90m[39m
[35m[HTTP][39m [37m-->[39m [37mPOST[39m [37m/wd/hub/session/7981fe2e-d6b7-4cb7-92ec-76b8ea85ef86/element/9cf9fca9-f3be-4aae-87f1-34c5a720ccf2/clear[39m
[35m[HTTP][39m [90m{"id":"9cf9fca9-f3be-4aae-87f1-34c5a720ccf2"}[39m
[35m[HTTP][39m [37m<-- POST /wd/hub/session/7981fe2e-d6b7-4cb7-92ec-76b8ea85ef86/element/9cf9fca9-f3be-4aae-87f1-34c5a720ccf2/clear [39m[32m200[39m [90m38 ms - 14[39m
[35m[HTTP][39m [90m[39m
[35m[HTTP][39m [37m-->[39m [37mPOST[39m [37m/wd/hub/session/7981fe2e-d6b7-4cb7-92ec-76b8ea85ef86/element/9cf9fca9-f3be-4aae-87f1-34c5a720ccf2/value[39m
[35m[HTTP][39m [90m{"id":"9cf9fca9-f3be-4aae-87f1-34c5a720ccf2","text":"123@staff.ukdw.ac.id","value":["1","2","3","@","s","t","a","f","f",".","u","k","d","w",".","a","c",".","i","d"]}[39m
[35m[HTTP][39m [37m<-- POST /wd/hub/session/7981fe2e-d6b7-4cb7-92ec-76b8ea85ef86/element/9cf9fca9-f3be-4aae-87f1-34c5a720ccf2/value [39m[32m200[39m [90m540 ms - 14[39m
[35m[HTTP][39m [90m[39m
[35m[HTTP][39m [37m-->[39m [37mGET[39m [37m/wd/hub/session/7981fe2e-d6b7-4cb7-92ec-76b8ea85ef86/source[39m
[35m[HTTP][39m [90m{}[39m
[35m[W3C (7981fe2e)][39m Driver proxy active, passing request on via HTTP proxy
[35m[WD Proxy][39m Replacing sessionId 1f01f552-4dac-49fb-896b-9a13b893a9ba with 7981fe2e-d6b7-4cb7-92ec-76b8ea85ef86
[35m[HTTP][39m [37m<-- GET /wd/hub/session/7981fe2e-d6b7-4cb7-92ec-76b8ea85ef86/source [39m[32m200[39m [90m76 ms - 4083[39m
[35m[HTTP][39m [90m[39m
[35m[HTTP][39m [37m-->[39m [37mGET[39m [37m/wd/hub/session/7981fe2e-d6b7-4cb7-92ec-76b8ea85ef86/screenshot[39m
[35m[HTTP][39m [90m{}[39m
[35m[HTTP][39m [37m<-- GET /wd/hub/session/7981fe2e-d6b7-4cb7-92ec-76b8ea85ef86/screenshot [39m[32m200[39m [90m889 ms - 392366[39m
[35m[HTTP][39m [90m[39m
[35m[HTTP][39m [37m-->[39m [37mGET[39m [37m/wd/hub/session/7981fe2e-d6b7-4cb7-92ec-76b8ea85ef86/context[39m
[35m[HTTP][39m [90m{}[39m
[35m[HTTP][39m [37m<-- GET /wd/hub/session/7981fe2e-d6b7-4cb7-92ec-76b8ea85ef86/context [39m[32m200[39m [90m2 ms - 22[39m
[35m[HTTP][39m [90m[39m
[35m[HTTP][39m [37m-->[39m [37mGET[39m [37m/wd/hub/session/7981fe2e-d6b7-4cb7-92ec-76b8ea85ef86/contexts[39m
[35m[HTTP][39m [90m{}[39m
[35m[AndroidDriver][39m Not checking whether webviews have active pages; use the 'ensureWebviewsHavePages' cap to turn this check on
[35m[HTTP][39m [37m<-- GET /wd/hub/session/7981fe2e-d6b7-4cb7-92ec-76b8ea85ef86/contexts [39m[32m200[39m [90m43 ms - 24[39m
[35m[HTTP][39m [90m[39m
[35m[HTTP][39m [37m-->[39m [37mPOST[39m [37m/wd/hub/session/7981fe2e-d6b7-4cb7-92ec-76b8ea85ef86/context[39m
[35m[HTTP][39m [90m{"name":"NATIVE_APP"}[39m
[35m[HTTP][39m [37m<-- POST /wd/hub/session/7981fe2e-d6b7-4cb7-92ec-76b8ea85ef86/context [39m[32m200[39m [90m1 ms - 14[39m
[35m[HTTP][39m [90m[39m
[35m[HTTP][39m [37m-->[39m [37mPOST[39m [37m/wd/hub/session/7981fe2e-d6b7-4cb7-92ec-76b8ea85ef86/appium/device/hide_keyboard[39m
[35m[HTTP][39m [90m{}[39m
[35m[HTTP][39m [37m<-- POST /wd/hub/session/7981fe2e-d6b7-4cb7-92ec-76b8ea85ef86/appium/device/hide_keyboard [39m[32m200[39m [90m1220 ms - 14[39m
[35m[HTTP][39m [90m[39m
[35m[HTTP][39m [37m-->[39m [37mPOST[39m [37m/wd/hub/session/7981fe2e-d6b7-4cb7-92ec-76b8ea85ef86/context[39m
[35m[HTTP][39m [90m{"name":"NATIVE_APP"}[39m
[35m[HTTP][39m [37m<-- POST /wd/hub/session/7981fe2e-d6b7-4cb7-92ec-76b8ea85ef86/context [39m[32m200[39m [90m2 ms - 14[39m
[35m[HTTP][39m [90m[39m
[35m[HTTP][39m [37m-->[39m [37mGET[39m [37m/wd/hub/session/7981fe2e-d6b7-4cb7-92ec-76b8ea85ef86/source[39m
[35m[HTTP][39m [90m{}[39m
[35m[W3C (7981fe2e)][39m Driver proxy active, passing request on via HTTP proxy
[35m[WD Proxy][39m Replacing sessionId 1f01f552-4dac-49fb-896b-9a13b893a9ba with 7981fe2e-d6b7-4cb7-92ec-76b8ea85ef86
[35m[HTTP][39m [37m<-- GET /wd/hub/session/7981fe2e-d6b7-4cb7-92ec-76b8ea85ef86/source [39m[32m200[39m [90m420 ms - 4955[39m
[35m[HTTP][39m [90m[39m
[35m[HTTP][39m [37m-->[39m [37mGET[39m [37m/wd/hub/session/7981fe2e-d6b7-4cb7-92ec-76b8ea85ef86/screenshot[39m
[35m[HTTP][39m [90m{}[39m
[35m[HTTP][39m [37m<-- GET /wd/hub/session/7981fe2e-d6b7-4cb7-92ec-76b8ea85ef86/screenshot [39m[32m200[39m [90m777 ms - 348344[39m
[35m[HTTP][39m [90m[39m
[35m[HTTP][39m [37m-->[39m [37mGET[39m [37m/wd/hub/session/7981fe2e-d6b7-4cb7-92ec-76b8ea85ef86/window/rect[39m
[35m[HTTP][39m [90m{}[39m
[35m[HTTP][39m [37m<-- GET /wd/hub/session/7981fe2e-d6b7-4cb7-92ec-76b8ea85ef86/window/rect [39m[32m200[39m [90m16 ms - 49[39m
[35m[HTTP][39m [90m[39m
[35m[HTTP][39m [37m-->[39m [37mPOST[39m [37m/wd/hub/session/7981fe2e-d6b7-4cb7-92ec-76b8ea85ef86/elements[39m
[35m[HTTP][39m [90m{"using":"xpath","value":"//hierarchy/android.widget.FrameLayout[1]/android.widget.LinearLayout[1]/android.widget.FrameLayout[1]/android.view.ViewGroup[1]/android.widget.FrameLayout[1]/android.view.ViewGroup[1]/android.widget.EditText[2]"}[39m
[35m[HTTP][39m [37m<-- POST /wd/hub/session/7981fe2e-d6b7-4cb7-92ec-76b8ea85ef86/elements [39m[32m200[39m [90m124 ms - 139[39m
[35m[HTTP][39m [90m[39m
[35m[HTTP][39m [37m-->[39m [37mGET[39m [37m/wd/hub/session/7981fe2e-d6b7-4cb7-92ec-76b8ea85ef86/element/3af38dee-31dd-4fbf-b7a7-00c505080374/location[39m
[35m[HTTP][39m [90m{}[39m
[35m[W3C (7981fe2e)][39m Driver proxy active, passing request on via HTTP proxy
[35m[WD Proxy][39m Replacing sessionId 1f01f552-4dac-49fb-896b-9a13b893a9ba with 7981fe2e-d6b7-4cb7-92ec-76b8ea85ef86
[35m[HTTP][39m [37m<-- GET /wd/hub/session/7981fe2e-d6b7-4cb7-92ec-76b8ea85ef86/element/3af38dee-31dd-4fbf-b7a7-00c505080374/location [39m[32m200[39m [90m27 ms - 78[39m
[35m[HTTP][39m [90m[39m
[35m[HTTP][39m [37m-->[39m [37mPOST[39m [37m/wd/hub/session/7981fe2e-d6b7-4cb7-92ec-76b8ea85ef86/touch/perform[39m
[35m[HTTP][39m [90m{"actions":[{"action":"tap","options":{"x":1,"y":1,"element":"3af38dee-31dd-4fbf-b7a7-00c505080374"}}]}[39m
[35m[UiAutomator2][39m calling get location: 3af38dee-31dd-4fbf-b7a7-00c505080374
[35m[HTTP][39m [37m<-- POST /wd/hub/session/7981fe2e-d6b7-4cb7-92ec-76b8ea85ef86/touch/perform [39m[32m200[39m [90m67 ms - 14[39m
[35m[HTTP][39m [90m[39m
[35m[HTTP][39m [37m-->[39m [37mGET[39m [37m/wd/hub/session/7981fe2e-d6b7-4cb7-92ec-76b8ea85ef86/source[39m
[35m[HTTP][39m [90m{}[39m
[35m[W3C (7981fe2e)][39m Driver proxy active, passing request on via HTTP proxy
[35m[WD Proxy][39m Replacing sessionId 1f01f552-4dac-49fb-896b-9a13b893a9ba with 7981fe2e-d6b7-4cb7-92ec-76b8ea85ef86
[35m[HTTP][39m [37m<-- GET /wd/hub/session/7981fe2e-d6b7-4cb7-92ec-76b8ea85ef86/source [39m[32m200[39m [90m782 ms - 4518[39m
[35m[HTTP][39m [90m[39m
[35m[HTTP][39m [37m-->[39m [37mGET[39m [37m/wd/hub/session/7981fe2e-d6b7-4cb7-92ec-76b8ea85ef86/screenshot[39m
[35m[HTTP][39m [90m{}[39m
[35m[HTTP][39m [37m<-- GET /wd/hub/session/7981fe2e-d6b7-4cb7-92ec-76b8ea85ef86/screenshot [39m[32m200[39m [90m801 ms - 364938[39m
[35m[HTTP][39m [90m[39m
[35m[HTTP][39m [37m-->[39m [37mGET[39m [37m/wd/hub/session/7981fe2e-d6b7-4cb7-92ec-76b8ea85ef86/window/rect[39m
[35m[HTTP][39m [90m{}[39m
[35m[HTTP][39m [37m<-- GET /wd/hub/session/7981fe2e-d6b7-4cb7-92ec-76b8ea85ef86/window/rect [39m[32m200[39m [90m18 ms - 49[39m
[35m[HTTP][39m [90m[39m
[35m[HTTP][39m [37m-->[39m [37mPOST[39m [37m/wd/hub/session/7981fe2e-d6b7-4cb7-92ec-76b8ea85ef86/elements[39m
[35m[HTTP][39m [90m{"using":"xpath","value":"//hierarchy/android.widget.FrameLayout[1]/android.widget.LinearLayout[1]/android.widget.FrameLayout[1]/android.view.ViewGroup[1]/android.widget.FrameLayout[1]/android.view.ViewGroup[1]/android.widget.EditText[2]"}[39m
[35m[HTTP][39m [37m<-- POST /wd/hub/session/7981fe2e-d6b7-4cb7-92ec-76b8ea85ef86/elements [39m[32m200[39m [90m112 ms - 139[39m
[35m[HTTP][39m [90m[39m
[35m[HTTP][39m [37m-->[39m [37mGET[39m [37m/wd/hub/session/7981fe2e-d6b7-4cb7-92ec-76b8ea85ef86/element/77aef2ec-621d-4fa0-a249-dc739337924b/location[39m
[35m[HTTP][39m [90m{}[39m
[35m[W3C (7981fe2e)][39m Driver proxy active, passing request on via HTTP proxy
[35m[WD Proxy][39m Replacing sessionId 1f01f552-4dac-49fb-896b-9a13b893a9ba with 7981fe2e-d6b7-4cb7-92ec-76b8ea85ef86
[35m[HTTP][39m [37m<-- GET /wd/hub/session/7981fe2e-d6b7-4cb7-92ec-76b8ea85ef86/element/77aef2ec-621d-4fa0-a249-dc739337924b/location [39m[32m200[39m [90m22 ms - 78[39m
[35m[HTTP][39m [90m[39m
[35m[HTTP][39m [37m-->[39m [37mPOST[39m [37m/wd/hub/session/7981fe2e-d6b7-4cb7-92ec-76b8ea85ef86/element/77aef2ec-621d-4fa0-a249-dc739337924b/clear[39m
[35m[HTTP][39m [90m{"id":"77aef2ec-621d-4fa0-a249-dc739337924b"}[39m
[35m[HTTP][39m [37m<-- POST /wd/hub/session/7981fe2e-d6b7-4cb7-92ec-76b8ea85ef86/element/77aef2ec-621d-4fa0-a249-dc739337924b/clear [39m[32m200[39m [90m35 ms - 14[39m
[35m[HTTP][39m [90m[39m
[35m[HTTP][39m [37m-->[39m [37mPOST[39m [37m/wd/hub/session/7981fe2e-d6b7-4cb7-92ec-76b8ea85ef86/element/77aef2ec-621d-4fa0-a249-dc739337924b/value[39m
[35m[HTTP][39m [90m{"id":"77aef2ec-621d-4fa0-a249-dc739337924b","text":"123","value":["1","2","3"]}[39m
[35m[HTTP][39m [37m<-- POST /wd/hub/session/7981fe2e-d6b7-4cb7-92ec-76b8ea85ef86/element/77aef2ec-621d-4fa0-a249-dc739337924b/value [39m[32m200[39m [90m520 ms - 14[39m
[35m[HTTP][39m [90m[39m
[35m[HTTP][39m [37m-->[39m [37mGET[39m [37m/wd/hub/session/7981fe2e-d6b7-4cb7-92ec-76b8ea85ef86/source[39m
[35m[HTTP][39m [90m{}[39m
[35m[W3C (7981fe2e)][39m Driver proxy active, passing request on via HTTP proxy
[35m[WD Proxy][39m Replacing sessionId 1f01f552-4dac-49fb-896b-9a13b893a9ba with 7981fe2e-d6b7-4cb7-92ec-76b8ea85ef86
[35m[HTTP][39m [37m<-- GET /wd/hub/session/7981fe2e-d6b7-4cb7-92ec-76b8ea85ef86/source [39m[32m200[39m [90m71 ms - 4513[39m
[35m[HTTP][39m [90m[39m
[35m[HTTP][39m [37m-->[39m [37mGET[39m [37m/wd/hub/session/7981fe2e-d6b7-4cb7-92ec-76b8ea85ef86/screenshot[39m
[35m[HTTP][39m [90m{}[39m
[35m[HTTP][39m [37m<-- GET /wd/hub/session/7981fe2e-d6b7-4cb7-92ec-76b8ea85ef86/screenshot [39m[32m200[39m [90m797 ms - 361920[39m
[35m[HTTP][39m [90m[39m
[35m[HTTP][39m [37m-->[39m [37mGET[39m [37m/wd/hub/session/7981fe2e-d6b7-4cb7-92ec-76b8ea85ef86/context[39m
[35m[HTTP][39m [90m{}[39m
[35m[HTTP][39m [37m<-- GET /wd/hub/session/7981fe2e-d6b7-4cb7-92ec-76b8ea85ef86/context [39m[32m200[39m [90m3 ms - 22[39m
[35m[HTTP][39m [90m[39m
[35m[HTTP][39m [37m-->[39m [37mGET[39m [37m/wd/hub/session/7981fe2e-d6b7-4cb7-92ec-76b8ea85ef86/contexts[39m
[35m[HTTP][39m [90m{}[39m
[35m[AndroidDriver][39m Not checking whether webviews have active pages; use the 'ensureWebviewsHavePages' cap to turn this check on
[35m[HTTP][39m [37m<-- GET /wd/hub/session/7981fe2e-d6b7-4cb7-92ec-76b8ea85ef86/contexts [39m[32m200[39m [90m46 ms - 24[39m
[35m[HTTP][39m [90m[39m
[35m[HTTP][39m [37m-->[39m [37mPOST[39m [37m/wd/hub/session/7981fe2e-d6b7-4cb7-92ec-76b8ea85ef86/context[39m
[35m[HTTP][39m [90m{"name":"NATIVE_APP"}[39m
[35m[HTTP][39m [37m<-- POST /wd/hub/session/7981fe2e-d6b7-4cb7-92ec-76b8ea85ef86/context [39m[32m200[39m [90m1 ms - 14[39m
[35m[HTTP][39m [90m[39m
[35m[HTTP][39m [37m-->[39m [37mPOST[39m [37m/wd/hub/session/7981fe2e-d6b7-4cb7-92ec-76b8ea85ef86/appium/device/hide_keyboard[39m
[35m[HTTP][39m [90m{}[39m
[35m[HTTP][39m [37m<-- POST /wd/hub/session/7981fe2e-d6b7-4cb7-92ec-76b8ea85ef86/appium/device/hide_keyboard [39m[32m200[39m [90m1277 ms - 14[39m
[35m[HTTP][39m [90m[39m
[35m[HTTP][39m [37m-->[39m [37mPOST[39m [37m/wd/hub/session/7981fe2e-d6b7-4cb7-92ec-76b8ea85ef86/context[39m
[35m[HTTP][39m [90m{"name":"NATIVE_APP"}[39m
[35m[HTTP][39m [37m<-- POST /wd/hub/session/7981fe2e-d6b7-4cb7-92ec-76b8ea85ef86/context [39m[32m200[39m [90m2 ms - 14[39m
[35m[HTTP][39m [90m[39m
[35m[HTTP][39m [37m-->[39m [37mGET[39m [37m/wd/hub/session/7981fe2e-d6b7-4cb7-92ec-76b8ea85ef86/source[39m
[35m[HTTP][39m [90m{}[39m
[35m[W3C (7981fe2e)][39m Driver proxy active, passing request on via HTTP proxy
[35m[WD Proxy][39m Replacing sessionId 1f01f552-4dac-49fb-896b-9a13b893a9ba with 7981fe2e-d6b7-4cb7-92ec-76b8ea85ef86
[35m[HTTP][39m [37m<-- GET /wd/hub/session/7981fe2e-d6b7-4cb7-92ec-76b8ea85ef86/source [39m[32m200[39m [90m923 ms - 4950[39m
[35m[HTTP][39m [90m[39m
[35m[HTTP][39m [37m-->[39m [37mGET[39m [37m/wd/hub/session/7981fe2e-d6b7-4cb7-92ec-76b8ea85ef86/screenshot[39m
[35m[HTTP][39m [90m{}[39m
[35m[HTTP][39m [37m<-- GET /wd/hub/session/7981fe2e-d6b7-4cb7-92ec-76b8ea85ef86/screenshot [39m[32m200[39m [90m790 ms - 345110[39m
[35m[HTTP][39m [90m[39m
[35m[HTTP][39m [37m-->[39m [37mGET[39m [37m/wd/hub/session/7981fe2e-d6b7-4cb7-92ec-76b8ea85ef86/window/rect[39m
[35m[HTTP][39m [90m{}[39m
[35m[HTTP][39m [37m<-- GET /wd/hub/session/7981fe2e-d6b7-4cb7-92ec-76b8ea85ef86/window/rect [39m[32m200[39m [90m15 ms - 49[39m
[35m[HTTP][39m [90m[39m
[35m[HTTP][39m [37m-->[39m [37mPOST[39m [37m/wd/hub/session/7981fe2e-d6b7-4cb7-92ec-76b8ea85ef86/elements[39m
[35m[HTTP][39m [90m{"using":"xpath","value":"//hierarchy/android.widget.FrameLayout[1]/android.widget.LinearLayout[1]/android.widget.FrameLayout[1]/android.view.ViewGroup[1]/android.widget.FrameLayout[1]/android.view.ViewGroup[1]/android.widget.Button[1]"}[39m
[35m[HTTP][39m [37m<-- POST /wd/hub/session/7981fe2e-d6b7-4cb7-92ec-76b8ea85ef86/elements [39m[32m200[39m [90m180 ms - 139[39m
[35m[HTTP][39m [90m[39m
[35m[HTTP][39m [37m-->[39m [37mGET[39m [37m/wd/hub/session/7981fe2e-d6b7-4cb7-92ec-76b8ea85ef86/element/12f2d840-1622-4820-86fd-35f35698cd36/location[39m
[35m[HTTP][39m [90m{}[39m
[35m[W3C (7981fe2e)][39m Driver proxy active, passing request on via HTTP proxy
[35m[WD Proxy][39m Replacing sessionId 1f01f552-4dac-49fb-896b-9a13b893a9ba with 7981fe2e-d6b7-4cb7-92ec-76b8ea85ef86
[35m[HTTP][39m [37m<-- GET /wd/hub/session/7981fe2e-d6b7-4cb7-92ec-76b8ea85ef86/element/12f2d840-1622-4820-86fd-35f35698cd36/location [39m[32m200[39m [90m24 ms - 79[39m
[35m[HTTP][39m [90m[39m
[35m[HTTP][39m [37m-->[39m [37mPOST[39m [37m/wd/hub/session/7981fe2e-d6b7-4cb7-92ec-76b8ea85ef86/touch/perform[39m
[35m[HTTP][39m [90m{"actions":[{"action":"tap","options":{"x":1,"y":1,"element":"12f2d840-1622-4820-86fd-35f35698cd36"}}]}[39m
[35m[UiAutomator2][39m calling get location: 12f2d840-1622-4820-86fd-35f35698cd36
[35m[HTTP][39m [37m<-- POST /wd/hub/session/7981fe2e-d6b7-4cb7-92ec-76b8ea85ef86/touch/perform [39m[32m200[39m [90m43 ms - 14[39m
[35m[HTTP][39m [90m[39m
[35m[HTTP][39m [37m-->[39m [37mGET[39m [37m/wd/hub/session/7981fe2e-d6b7-4cb7-92ec-76b8ea85ef86/source[39m
[35m[HTTP][39m [90m{}[39m
[35m[W3C (7981fe2e)][39m Driver proxy active, passing request on via HTTP proxy
[35m[WD Proxy][39m Replacing sessionId 1f01f552-4dac-49fb-896b-9a13b893a9ba with 7981fe2e-d6b7-4cb7-92ec-76b8ea85ef86
[35m[HTTP][39m [37m<-- GET /wd/hub/session/7981fe2e-d6b7-4cb7-92ec-76b8ea85ef86/source [39m[32m200[39m [90m581 ms - 9465[39m
[35m[HTTP][39m [90m[39m
[35m[HTTP][39m [37m-->[39m [37mGET[39m [37m/wd/hub/session/7981fe2e-d6b7-4cb7-92ec-76b8ea85ef86/screenshot[39m
[35m[HTTP][39m [90m{}[39m
[35m[HTTP][39m [37m<-- GET /wd/hub/session/7981fe2e-d6b7-4cb7-92ec-76b8ea85ef86/screenshot [39m[32m200[39m [90m565 ms - 99606[39m
[35m[HTTP][39m [90m[39m
[35m[HTTP][39m [37m-->[39m [37mGET[39m [37m/wd/hub/session/7981fe2e-d6b7-4cb7-92ec-76b8ea85ef86/window/rect[39m
[35m[HTTP][39m [90m{}[39m
[35m[HTTP][39m [37m<-- GET /wd/hub/session/7981fe2e-d6b7-4cb7-92ec-76b8ea85ef86/window/rect [39m[32m200[39m [90m17 ms - 49[39m
[35m[HTTP][39m [90m[39m
[35m[HTTP][39m [37m-->[39m [37mPOST[39m [37m/wd/hub/session/7981fe2e-d6b7-4cb7-92ec-76b8ea85ef86/elements[39m
[35m[HTTP][39m [90m{"using":"xpath","value":"//hierarchy/android.widget.FrameLayout[1]/android.widget.LinearLayout[1]/android.widget.FrameLayout[1]/android.view.ViewGroup[1]/android.widget.FrameLayout[2]/android.view.ViewGroup[1]/android.widget.ImageButton[3]"}[39m
[35m[HTTP][39m [37m<-- POST /wd/hub/session/7981fe2e-d6b7-4cb7-92ec-76b8ea85ef86/elements [39m[32m200[39m [90m144 ms - 139[39m
[35m[HTTP][39m [90m[39m
[35m[HTTP][39m [37m-->[39m [37mGET[39m [37m/wd/hub/session/7981fe2e-d6b7-4cb7-92ec-76b8ea85ef86/element/13854493-8114-48bf-81bd-a27f418872ce/location[39m
[35m[HTTP][39m [90m{}[39m
[35m[W3C (7981fe2e)][39m Driver proxy active, passing request on via HTTP proxy
[35m[WD Proxy][39m Replacing sessionId 1f01f552-4dac-49fb-896b-9a13b893a9ba with 7981fe2e-d6b7-4cb7-92ec-76b8ea85ef86
[35m[HTTP][39m [37m<-- GET /wd/hub/session/7981fe2e-d6b7-4cb7-92ec-76b8ea85ef86/element/13854493-8114-48bf-81bd-a27f418872ce/location [39m[32m200[39m [90m23 ms - 78[39m
[35m[HTTP][39m [90m[39m
[35m[HTTP][39m [37m-->[39m [37mPOST[39m [37m/wd/hub/session/7981fe2e-d6b7-4cb7-92ec-76b8ea85ef86/touch/perform[39m
[35m[HTTP][39m [90m{"actions":[{"action":"tap","options":{"x":1,"y":1,"element":"13854493-8114-48bf-81bd-a27f418872ce"}}]}[39m
[35m[UiAutomator2][39m calling get location: 13854493-8114-48bf-81bd-a27f418872ce
[35m[HTTP][39m [37m<-- POST /wd/hub/session/7981fe2e-d6b7-4cb7-92ec-76b8ea85ef86/touch/perform [39m[32m200[39m [90m47 ms - 14[39m
[35m[HTTP][39m [90m[39m
[35m[HTTP][39m [37m-->[39m [37mGET[39m [37m/wd/hub/session/7981fe2e-d6b7-4cb7-92ec-76b8ea85ef86/source[39m
[35m[HTTP][39m [90m{}[39m
[35m[W3C (7981fe2e)][39m Driver proxy active, passing request on via HTTP proxy
[35m[WD Proxy][39m Replacing sessionId 1f01f552-4dac-49fb-896b-9a13b893a9ba with 7981fe2e-d6b7-4cb7-92ec-76b8ea85ef86
[35m[HTTP][39m [37m<-- GET /wd/hub/session/7981fe2e-d6b7-4cb7-92ec-76b8ea85ef86/source [39m[32m200[39m [90m693 ms - 18058[39m
[35m[HTTP][39m [90m[39m
[35m[HTTP][39m [37m-->[39m [37mGET[39m [37m/wd/hub/session/7981fe2e-d6b7-4cb7-92ec-76b8ea85ef86/screenshot[39m
[35m[HTTP][39m [90m{}[39m
[35m[HTTP][39m [37m<-- GET /wd/hub/session/7981fe2e-d6b7-4cb7-92ec-76b8ea85ef86/screenshot [39m[32m200[39m [90m557 ms - 100748[39m
[35m[HTTP][39m [90m[39m
[35m[HTTP][39m [37m-->[39m [37mGET[39m [37m/wd/hub/session/7981fe2e-d6b7-4cb7-92ec-76b8ea85ef86/window/rect[39m
[35m[HTTP][39m [90m{}[39m
[35m[HTTP][39m [37m<-- GET /wd/hub/session/7981fe2e-d6b7-4cb7-92ec-76b8ea85ef86/window/rect [39m[32m200[39m [90m15 ms - 49[39m
[35m[HTTP][39m [90m[39m
[35m[HTTP][39m [37m-->[39m [37mPOST[39m [37m/wd/hub/session/7981fe2e-d6b7-4cb7-92ec-76b8ea85ef86/elements[39m
[35m[HTTP][39m [90m{"using":"xpath","value":"//hierarchy/android.widget.FrameLayout[1]/android.widget.LinearLayout[1]/android.widget.FrameLayout[1]/android.view.ViewGroup[1]/android.widget.FrameLayout[1]/android.view.ViewGroup[1]/androidx.appcompat.widget.LinearLayoutCompat[1]"}[39m
[35m[HTTP][39m [37m<-- POST /wd/hub/session/7981fe2e-d6b7-4cb7-92ec-76b8ea85ef86/elements [39m[32m200[39m [90m207 ms - 139[39m
[35m[HTTP][39m [90m[39m
[35m[HTTP][39m [37m-->[39m [37mGET[39m [37m/wd/hub/session/7981fe2e-d6b7-4cb7-92ec-76b8ea85ef86/element/d5d199c7-f3e7-4cdd-bea7-3419f311aea2/location[39m
[35m[HTTP][39m [90m{}[39m
[35m[W3C (7981fe2e)][39m Driver proxy active, passing request on via HTTP proxy
[35m[WD Proxy][39m Replacing sessionId 1f01f552-4dac-49fb-896b-9a13b893a9ba with 7981fe2e-d6b7-4cb7-92ec-76b8ea85ef86
[35m[HTTP][39m [37m<-- GET /wd/hub/session/7981fe2e-d6b7-4cb7-92ec-76b8ea85ef86/element/d5d199c7-f3e7-4cdd-bea7-3419f311aea2/location [39m[32m200[39m [90m20 ms - 77[39m
[35m[HTTP][39m [90m[39m
[35m[HTTP][39m [37m-->[39m [37mPOST[39m [37m/wd/hub/session/7981fe2e-d6b7-4cb7-92ec-76b8ea85ef86/touch/perform[39m
[35m[HTTP][39m [90m{"actions":[{"action":"tap","options":{"x":1,"y":1,"element":"d5d199c7-f3e7-4cdd-bea7-3419f311aea2"}}]}[39m
[35m[UiAutomator2][39m calling get location: d5d199c7-f3e7-4cdd-bea7-3419f311aea2
[35m[HTTP][39m [37m<-- POST /wd/hub/session/7981fe2e-d6b7-4cb7-92ec-76b8ea85ef86/touch/perform [39m[32m200[39m [90m52 ms - 14[39m
[35m[HTTP][39m [90m[39m
[35m[HTTP][39m [37m-->[39m [37mGET[39m [37m/wd/hub/session/7981fe2e-d6b7-4cb7-92ec-76b8ea85ef86/source[39m
[35m[HTTP][39m [90m{}[39m
[35m[W3C (7981fe2e)][39m Driver proxy active, passing request on via HTTP proxy
[35m[WD Proxy][39m Replacing sessionId 1f01f552-4dac-49fb-896b-9a13b893a9ba with 7981fe2e-d6b7-4cb7-92ec-76b8ea85ef86
[35m[HTTP][39m [37m<-- GET /wd/hub/session/7981fe2e-d6b7-4cb7-92ec-76b8ea85ef86/source [39m[32m200[39m [90m392 ms - 3196[39m
[35m[HTTP][39m [90m[39m
[35m[HTTP][39m [37m-->[39m [37mGET[39m [37m/wd/hub/session/7981fe2e-d6b7-4cb7-92ec-76b8ea85ef86/screenshot[39m
[35m[HTTP][39m [90m{}[39m
[35m[HTTP][39m [37m<-- GET /wd/hub/session/7981fe2e-d6b7-4cb7-92ec-76b8ea85ef86/screenshot [39m[32m200[39m [90m559 ms - 102682[39m
[35m[HTTP][39m [90m[39m
[35m[HTTP][39m [37m-->[39m [37mGET[39m [37m/wd/hub/session/7981fe2e-d6b7-4cb7-92ec-76b8ea85ef86/window/rect[39m
[35m[HTTP][39m [90m{}[39m
[35m[HTTP][39m [37m<-- GET /wd/hub/session/7981fe2e-d6b7-4cb7-92ec-76b8ea85ef86/window/rect [39m[32m200[39m [90m15 ms - 49[39m
[35m[HTTP][39m [90m[39m
[35m[HTTP][39m [37m-->[39m [37mPOST[39m [37m/wd/hub/session/7981fe2e-d6b7-4cb7-92ec-76b8ea85ef86/elements[39m
[35m[HTTP][39m [90m{"using":"xpath","value":"//hierarchy/android.widget.FrameLayout[1]/android.widget.FrameLayout[1]/android.widget.ListView[1]/android.widget.LinearLayout[1]/android.widget.LinearLayout[1]/android.widget.RelativeLayout[1]/android.widget.TextView[1]"}[39m
[35m[HTTP][39m [37m<-- POST /wd/hub/session/7981fe2e-d6b7-4cb7-92ec-76b8ea85ef86/elements [39m[32m200[39m [90m73 ms - 139[39m
[35m[HTTP][39m [90m[39m
[35m[HTTP][39m [37m-->[39m [37mGET[39m [37m/wd/hub/session/7981fe2e-d6b7-4cb7-92ec-76b8ea85ef86/element/f0db7c95-fd72-4965-9b0f-c8054de4a149/location[39m
[35m[HTTP][39m [90m{}[39m
[35m[W3C (7981fe2e)][39m Driver proxy active, passing request on via HTTP proxy
[35m[WD Proxy][39m Replacing sessionId 1f01f552-4dac-49fb-896b-9a13b893a9ba with 7981fe2e-d6b7-4cb7-92ec-76b8ea85ef86
[35m[HTTP][39m [37m<-- GET /wd/hub/session/7981fe2e-d6b7-4cb7-92ec-76b8ea85ef86/element/f0db7c95-fd72-4965-9b0f-c8054de4a149/location [39m[32m200[39m [90m20 ms - 77[39m
[35m[HTTP][39m [90m[39m
[35m[HTTP][39m [37m-->[39m [37mPOST[39m [37m/wd/hub/session/7981fe2e-d6b7-4cb7-92ec-76b8ea85ef86/touch/perform[39m
[35m[HTTP][39m [90m{"actions":[{"action":"tap","options":{"x":1,"y":1,"element":"f0db7c95-fd72-4965-9b0f-c8054de4a149"}}]}[39m
[35m[UiAutomator2][39m calling get location: f0db7c95-fd72-4965-9b0f-c8054de4a149
[35m[HTTP][39m [37m<-- POST /wd/hub/session/7981fe2e-d6b7-4cb7-92ec-76b8ea85ef86/touch/perform [39m[32m200[39m [90m1175 ms - 14[39m
[35m[HTTP][39m [90m[39m
[35m[HTTP][39m [37m-->[39m [37mGET[39m [37m/wd/hub/session/7981fe2e-d6b7-4cb7-92ec-76b8ea85ef86/source[39m
[35m[HTTP][39m [90m{}[39m
[35m[W3C (7981fe2e)][39m Driver proxy active, passing request on via HTTP proxy
[35m[WD Proxy][39m Replacing sessionId 1f01f552-4dac-49fb-896b-9a13b893a9ba with 7981fe2e-d6b7-4cb7-92ec-76b8ea85ef86
[35m[HTTP][39m [37m<-- GET /wd/hub/session/7981fe2e-d6b7-4cb7-92ec-76b8ea85ef86/source [39m[32m200[39m [90m117 ms - 9850[39m
[35m[HTTP][39m [90m[39m
[35m[HTTP][39m [37m-->[39m [37mGET[39m [37m/wd/hub/session/7981fe2e-d6b7-4cb7-92ec-76b8ea85ef86/screenshot[39m
[35m[HTTP][39m [90m{}[39m
[35m[HTTP][39m [37m<-- GET /wd/hub/session/7981fe2e-d6b7-4cb7-92ec-76b8ea85ef86/screenshot [39m[32m200[39m [90m529 ms - 70270[39m
[35m[HTTP][39m [90m[39m
[35m[HTTP][39m [37m-->[39m [37mGET[39m [37m/wd/hub/session/7981fe2e-d6b7-4cb7-92ec-76b8ea85ef86/window/rect[39m
[35m[HTTP][39m [90m{}[39m
[35m[HTTP][39m [37m<-- GET /wd/hub/session/7981fe2e-d6b7-4cb7-92ec-76b8ea85ef86/window/rect [39m[32m200[39m [90m15 ms - 49[39m
[35m[HTTP][39m [90m[39m
[35m[HTTP][39m [37m-->[39m [37mPOST[39m [37m/wd/hub/session/7981fe2e-d6b7-4cb7-92ec-76b8ea85ef86/elements[39m
[35m[HTTP][39m [90m{"using":"xpath","value":"//hierarchy/android.widget.FrameLayout[1]/android.widget.LinearLayout[1]/android.widget.FrameLayout[1]/android.view.ViewGroup[1]/android.widget.FrameLayout[2]/android.view.ViewGroup[1]/android.widget.EditText[1]"}[39m
[35m[HTTP][39m [37m<-- POST /wd/hub/session/7981fe2e-d6b7-4cb7-92ec-76b8ea85ef86/elements [39m[32m200[39m [90m147 ms - 139[39m
[35m[HTTP][39m [90m[39m
[35m[HTTP][39m [37m-->[39m [37mGET[39m [37m/wd/hub/session/7981fe2e-d6b7-4cb7-92ec-76b8ea85ef86/element/23c23e9a-0910-4942-8d08-eed5b27aeb64/location[39m
[35m[HTTP][39m [90m{}[39m
[35m[W3C (7981fe2e)][39m Driver proxy active, passing request on via HTTP proxy
[35m[WD Proxy][39m Replacing sessionId 1f01f552-4dac-49fb-896b-9a13b893a9ba with 7981fe2e-d6b7-4cb7-92ec-76b8ea85ef86
[35m[HTTP][39m [37m<-- GET /wd/hub/session/7981fe2e-d6b7-4cb7-92ec-76b8ea85ef86/element/23c23e9a-0910-4942-8d08-eed5b27aeb64/location [39m[32m200[39m [90m18 ms - 78[39m
[35m[HTTP][39m [90m[39m
[35m[HTTP][39m [37m-->[39m [37mPOST[39m [37m/wd/hub/session/7981fe2e-d6b7-4cb7-92ec-76b8ea85ef86/touch/perform[39m
[35m[HTTP][39m [90m{"actions":[{"action":"tap","options":{"x":1,"y":1,"element":"23c23e9a-0910-4942-8d08-eed5b27aeb64"}}]}[39m
[35m[UiAutomator2][39m calling get location: 23c23e9a-0910-4942-8d08-eed5b27aeb64
[35m[HTTP][39m [37m<-- POST /wd/hub/session/7981fe2e-d6b7-4cb7-92ec-76b8ea85ef86/touch/perform [39m[32m200[39m [90m58 ms - 14[39m
[35m[HTTP][39m [90m[39m
[35m[HTTP][39m [37m-->[39m [37mGET[39m [37m/wd/hub/session/7981fe2e-d6b7-4cb7-92ec-76b8ea85ef86/source[39m
[35m[HTTP][39m [90m{}[39m
[35m[W3C (7981fe2e)][39m Driver proxy active, passing request on via HTTP proxy
[35m[WD Proxy][39m Replacing sessionId 1f01f552-4dac-49fb-896b-9a13b893a9ba with 7981fe2e-d6b7-4cb7-92ec-76b8ea85ef86
[35m[HTTP][39m [37m<-- GET /wd/hub/session/7981fe2e-d6b7-4cb7-92ec-76b8ea85ef86/source [39m[32m200[39m [90m607 ms - 9850[39m
[35m[HTTP][39m [90m[39m
[35m[HTTP][39m [37m-->[39m [37mGET[39m [37m/wd/hub/session/7981fe2e-d6b7-4cb7-92ec-76b8ea85ef86/screenshot[39m
[35m[HTTP][39m [90m{}[39m
[35m[HTTP][39m [37m<-- GET /wd/hub/session/7981fe2e-d6b7-4cb7-92ec-76b8ea85ef86/screenshot [39m[32m200[39m [90m621 ms - 123968[39m
[35m[HTTP][39m [90m[39m
[35m[HTTP][39m [37m-->[39m [37mGET[39m [37m/wd/hub/session/7981fe2e-d6b7-4cb7-92ec-76b8ea85ef86/window/rect[39m
[35m[HTTP][39m [90m{}[39m
[35m[HTTP][39m [37m<-- GET /wd/hub/session/7981fe2e-d6b7-4cb7-92ec-76b8ea85ef86/window/rect [39m[32m200[39m [90m15 ms - 49[39m
[35m[HTTP][39m [90m[39m
[35m[HTTP][39m [37m-->[39m [37mPOST[39m [37m/wd/hub/session/7981fe2e-d6b7-4cb7-92ec-76b8ea85ef86/elements[39m
[35m[HTTP][39m [90m{"using":"xpath","value":"//hierarchy/android.widget.FrameLayout[1]/android.widget.LinearLayout[1]/android.widget.FrameLayout[1]/android.view.ViewGroup[1]/android.widget.FrameLayout[2]/android.view.ViewGroup[1]/android.widget.EditText[1]"}[39m
[35m[HTTP][39m [37m<-- POST /wd/hub/session/7981fe2e-d6b7-4cb7-92ec-76b8ea85ef86/elements [39m[32m200[39m [90m140 ms - 139[39m
[35m[HTTP][39m [90m[39m
[35m[HTTP][39m [37m-->[39m [37mGET[39m [37m/wd/hub/session/7981fe2e-d6b7-4cb7-92ec-76b8ea85ef86/element/292b80c7-d630-4318-9b90-83e48caedb26/location[39m
[35m[HTTP][39m [90m{}[39m
[35m[W3C (7981fe2e)][39m Driver proxy active, passing request on via HTTP proxy
[35m[WD Proxy][39m Replacing sessionId 1f01f552-4dac-49fb-896b-9a13b893a9ba with 7981fe2e-d6b7-4cb7-92ec-76b8ea85ef86
[35m[HTTP][39m [37m<-- GET /wd/hub/session/7981fe2e-d6b7-4cb7-92ec-76b8ea85ef86/element/292b80c7-d630-4318-9b90-83e48caedb26/location [39m[32m200[39m [90m25 ms - 78[39m
[35m[HTTP][39m [90m[39m
[35m[HTTP][39m [37m-->[39m [37mPOST[39m [37m/wd/hub/session/7981fe2e-d6b7-4cb7-92ec-76b8ea85ef86/element/292b80c7-d630-4318-9b90-83e48caedb26/clear[39m
[35m[HTTP][39m [90m{"id":"292b80c7-d630-4318-9b90-83e48caedb26"}[39m
[35m[HTTP][39m [37m<-- POST /wd/hub/session/7981fe2e-d6b7-4cb7-92ec-76b8ea85ef86/element/292b80c7-d630-4318-9b90-83e48caedb26/clear [39m[32m200[39m [90m37 ms - 14[39m
[35m[HTTP][39m [90m[39m
[35m[HTTP][39m [37m-->[39m [37mPOST[39m [37m/wd/hub/session/7981fe2e-d6b7-4cb7-92ec-76b8ea85ef86/element/292b80c7-d630-4318-9b90-83e48caedb26/value[39m
[35m[HTTP][39m [90m{"id":"292b80c7-d630-4318-9b90-83e48caedb26","text":"matsi-1","value":["m","a","t","s","i","-","1"]}[39m
[35m[HTTP][39m [37m<-- POST /wd/hub/session/7981fe2e-d6b7-4cb7-92ec-76b8ea85ef86/element/292b80c7-d630-4318-9b90-83e48caedb26/value [39m[32m200[39m [90m521 ms - 14[39m
[35m[HTTP][39m [90m[39m
[35m[HTTP][39m [37m-->[39m [37mGET[39m [37m/wd/hub/session/7981fe2e-d6b7-4cb7-92ec-76b8ea85ef86/source[39m
[35m[HTTP][39m [90m{}[39m
[35m[W3C (7981fe2e)][39m Driver proxy active, passing request on via HTTP proxy
[35m[WD Proxy][39m Replacing sessionId 1f01f552-4dac-49fb-896b-9a13b893a9ba with 7981fe2e-d6b7-4cb7-92ec-76b8ea85ef86
[35m[HTTP][39m [37m<-- GET /wd/hub/session/7981fe2e-d6b7-4cb7-92ec-76b8ea85ef86/source [39m[32m200[39m [90m586 ms - 9850[39m
[35m[HTTP][39m [90m[39m
[35m[HTTP][39m [37m-->[39m [37mGET[39m [37m/wd/hub/session/7981fe2e-d6b7-4cb7-92ec-76b8ea85ef86/screenshot[39m
[35m[HTTP][39m [90m{}[39m
[35m[HTTP][39m [37m<-- GET /wd/hub/session/7981fe2e-d6b7-4cb7-92ec-76b8ea85ef86/screenshot [39m[32m200[39m [90m600 ms - 123984[39m
[35m[HTTP][39m [90m[39m
[35m[HTTP][39m [37m-->[39m [37mGET[39m [37m/wd/hub/session/7981fe2e-d6b7-4cb7-92ec-76b8ea85ef86/context[39m
[35m[HTTP][39m [90m{}[39m
[35m[HTTP][39m [37m<-- GET /wd/hub/session/7981fe2e-d6b7-4cb7-92ec-76b8ea85ef86/context [39m[32m200[39m [90m1 ms - 22[39m
[35m[HTTP][39m [90m[39m
[35m[HTTP][39m [37m-->[39m [37mGET[39m [37m/wd/hub/session/7981fe2e-d6b7-4cb7-92ec-76b8ea85ef86/contexts[39m
[35m[HTTP][39m [90m{}[39m
[35m[AndroidDriver][39m Not checking whether webviews have active pages; use the 'ensureWebviewsHavePages' cap to turn this check on
[35m[HTTP][39m [37m<-- GET /wd/hub/session/7981fe2e-d6b7-4cb7-92ec-76b8ea85ef86/contexts [39m[32m200[39m [90m41 ms - 24[39m
[35m[HTTP][39m [90m[39m
[35m[HTTP][39m [37m-->[39m [37mPOST[39m [37m/wd/hub/session/7981fe2e-d6b7-4cb7-92ec-76b8ea85ef86/context[39m
[35m[HTTP][39m [90m{"name":"NATIVE_APP"}[39m
[35m[HTTP][39m [37m<-- POST /wd/hub/session/7981fe2e-d6b7-4cb7-92ec-76b8ea85ef86/context [39m[32m200[39m [90m1 ms - 14[39m
[35m[HTTP][39m [90m[39m
[35m[HTTP][39m [37m-->[39m [37mPOST[39m [37m/wd/hub/session/7981fe2e-d6b7-4cb7-92ec-76b8ea85ef86/appium/device/hide_keyboard[39m
[35m[HTTP][39m [90m{}[39m
[35m[HTTP][39m [37m<-- POST /wd/hub/session/7981fe2e-d6b7-4cb7-92ec-76b8ea85ef86/appium/device/hide_keyboard [39m[32m200[39m [90m1382 ms - 14[39m
[35m[HTTP][39m [90m[39m
[35m[HTTP][39m [37m-->[39m [37mPOST[39m [37m/wd/hub/session/7981fe2e-d6b7-4cb7-92ec-76b8ea85ef86/context[39m
[35m[HTTP][39m [90m{"name":"NATIVE_APP"}[39m
[35m[HTTP][39m [37m<-- POST /wd/hub/session/7981fe2e-d6b7-4cb7-92ec-76b8ea85ef86/context [39m[32m200[39m [90m2 ms - 14[39m
[35m[HTTP][39m [90m[39m
[35m[HTTP][39m [37m-->[39m [37mGET[39m [37m/wd/hub/session/7981fe2e-d6b7-4cb7-92ec-76b8ea85ef86/source[39m
[35m[HTTP][39m [90m{}[39m
[35m[W3C (7981fe2e)][39m Driver proxy active, passing request on via HTTP proxy
[35m[WD Proxy][39m Replacing sessionId 1f01f552-4dac-49fb-896b-9a13b893a9ba with 7981fe2e-d6b7-4cb7-92ec-76b8ea85ef86
[35m[HTTP][39m [37m<-- GET /wd/hub/session/7981fe2e-d6b7-4cb7-92ec-76b8ea85ef86/source [39m[32m200[39m [90m536 ms - 9850[39m
[35m[HTTP][39m [90m[39m
[35m[HTTP][39m [37m-->[39m [37mGET[39m [37m/wd/hub/session/7981fe2e-d6b7-4cb7-92ec-76b8ea85ef86/screenshot[39m
[35m[HTTP][39m [90m{}[39m
[35m[HTTP][39m [37m<-- GET /wd/hub/session/7981fe2e-d6b7-4cb7-92ec-76b8ea85ef86/screenshot [39m[32m200[39m [90m535 ms - 70340[39m
[35m[HTTP][39m [90m[39m
[35m[HTTP][39m [37m-->[39m [37mGET[39m [37m/wd/hub/session/7981fe2e-d6b7-4cb7-92ec-76b8ea85ef86/window/rect[39m
[35m[HTTP][39m [90m{}[39m
[35m[HTTP][39m [37m<-- GET /wd/hub/session/7981fe2e-d6b7-4cb7-92ec-76b8ea85ef86/window/rect [39m[32m200[39m [90m15 ms - 49[39m
[35m[HTTP][39m [90m[39m
[35m[HTTP][39m [37m-->[39m [37mPOST[39m [37m/wd/hub/session/7981fe2e-d6b7-4cb7-92ec-76b8ea85ef86/elements[39m
[35m[HTTP][39m [90m{"using":"xpath","value":"//hierarchy/android.widget.FrameLayout[1]/android.widget.LinearLayout[1]/android.widget.FrameLayout[1]/android.view.ViewGroup[1]/android.widget.FrameLayout[2]/android.view.ViewGroup[1]/android.widget.EditText[2]"}[39m
[35m[HTTP][39m [37m<-- POST /wd/hub/session/7981fe2e-d6b7-4cb7-92ec-76b8ea85ef86/elements [39m[32m200[39m [90m634 ms - 139[39m
[35m[HTTP][39m [90m[39m
[35m[HTTP][39m [37m-->[39m [37mGET[39m [37m/wd/hub/session/7981fe2e-d6b7-4cb7-92ec-76b8ea85ef86/element/bfde0dd7-1213-47c9-8bf4-7af627e71955/location[39m
[35m[HTTP][39m [90m{}[39m
[35m[W3C (7981fe2e)][39m Driver proxy active, passing request on via HTTP proxy
[35m[WD Proxy][39m Replacing sessionId 1f01f552-4dac-49fb-896b-9a13b893a9ba with 7981fe2e-d6b7-4cb7-92ec-76b8ea85ef86
[35m[HTTP][39m [37m<-- GET /wd/hub/session/7981fe2e-d6b7-4cb7-92ec-76b8ea85ef86/element/bfde0dd7-1213-47c9-8bf4-7af627e71955/location [39m[32m200[39m [90m23 ms - 78[39m
[35m[HTTP][39m [90m[39m
[35m[HTTP][39m [37m-->[39m [37mPOST[39m [37m/wd/hub/session/7981fe2e-d6b7-4cb7-92ec-76b8ea85ef86/touch/perform[39m
[35m[HTTP][39m [90m{"actions":[{"action":"tap","options":{"x":1,"y":1,"element":"bfde0dd7-1213-47c9-8bf4-7af627e71955"}}]}[39m
[35m[UiAutomator2][39m calling get location: bfde0dd7-1213-47c9-8bf4-7af627e71955
[35m[HTTP][39m [37m<-- POST /wd/hub/session/7981fe2e-d6b7-4cb7-92ec-76b8ea85ef86/touch/perform [39m[32m200[39m [90m74 ms - 14[39m
[35m[HTTP][39m [90m[39m
[35m[HTTP][39m [37m-->[39m [37mGET[39m [37m/wd/hub/session/7981fe2e-d6b7-4cb7-92ec-76b8ea85ef86/source[39m
[35m[HTTP][39m [90m{}[39m
[35m[W3C (7981fe2e)][39m Driver proxy active, passing request on via HTTP proxy
[35m[WD Proxy][39m Replacing sessionId 1f01f552-4dac-49fb-896b-9a13b893a9ba with 7981fe2e-d6b7-4cb7-92ec-76b8ea85ef86
[35m[HTTP][39m [37m<-- GET /wd/hub/session/7981fe2e-d6b7-4cb7-92ec-76b8ea85ef86/source [39m[32m200[39m [90m622 ms - 9850[39m
[35m[HTTP][39m [90m[39m
[35m[HTTP][39m [37m-->[39m [37mGET[39m [37m/wd/hub/session/7981fe2e-d6b7-4cb7-92ec-76b8ea85ef86/screenshot[39m
[35m[HTTP][39m [90m{}[39m
[35m[HTTP][39m [37m<-- GET /wd/hub/session/7981fe2e-d6b7-4cb7-92ec-76b8ea85ef86/screenshot [39m[32m200[39m [90m580 ms - 123976[39m
[35m[HTTP][39m [90m[39m
[35m[HTTP][39m [37m-->[39m [37mGET[39m [37m/wd/hub/session/7981fe2e-d6b7-4cb7-92ec-76b8ea85ef86/window/rect[39m
[35m[HTTP][39m [90m{}[39m
[35m[HTTP][39m [37m<-- GET /wd/hub/session/7981fe2e-d6b7-4cb7-92ec-76b8ea85ef86/window/rect [39m[32m200[39m [90m18 ms - 49[39m
[35m[HTTP][39m [90m[39m
[35m[HTTP][39m [37m-->[39m [37mPOST[39m [37m/wd/hub/session/7981fe2e-d6b7-4cb7-92ec-76b8ea85ef86/elements[39m
[35m[HTTP][39m [90m{"using":"xpath","value":"//hierarchy/android.widget.FrameLayout[1]/android.widget.LinearLayout[1]/android.widget.FrameLayout[1]/android.view.ViewGroup[1]/android.widget.FrameLayout[2]/android.view.ViewGroup[1]/android.widget.EditText[2]"}[39m
[35m[HTTP][39m [37m<-- POST /wd/hub/session/7981fe2e-d6b7-4cb7-92ec-76b8ea85ef86/elements [39m[32m200[39m [90m160 ms - 139[39m
[35m[HTTP][39m [90m[39m
[35m[HTTP][39m [37m-->[39m [37mGET[39m [37m/wd/hub/session/7981fe2e-d6b7-4cb7-92ec-76b8ea85ef86/element/9b8b811f-3174-451b-92f1-dccd6950eb55/location[39m
[35m[HTTP][39m [90m{}[39m
[35m[W3C (7981fe2e)][39m Driver proxy active, passing request on via HTTP proxy
[35m[WD Proxy][39m Replacing sessionId 1f01f552-4dac-49fb-896b-9a13b893a9ba with 7981fe2e-d6b7-4cb7-92ec-76b8ea85ef86
[35m[HTTP][39m [37m<-- GET /wd/hub/session/7981fe2e-d6b7-4cb7-92ec-76b8ea85ef86/element/9b8b811f-3174-451b-92f1-dccd6950eb55/location [39m[32m200[39m [90m18 ms - 78[39m
[35m[HTTP][39m [90m[39m
[35m[HTTP][39m [37m-->[39m [37mPOST[39m [37m/wd/hub/session/7981fe2e-d6b7-4cb7-92ec-76b8ea85ef86/element/9b8b811f-3174-451b-92f1-dccd6950eb55/clear[39m
[35m[HTTP][39m [90m{"id":"9b8b811f-3174-451b-92f1-dccd6950eb55"}[39m
[35m[HTTP][39m [37m<-- POST /wd/hub/session/7981fe2e-d6b7-4cb7-92ec-76b8ea85ef86/element/9b8b811f-3174-451b-92f1-dccd6950eb55/clear [39m[32m200[39m [90m31 ms - 14[39m
[35m[HTTP][39m [90m[39m
[35m[HTTP][39m [37m-->[39m [37mPOST[39m [37m/wd/hub/session/7981fe2e-d6b7-4cb7-92ec-76b8ea85ef86/element/9b8b811f-3174-451b-92f1-dccd6950eb55/value[39m
[35m[HTTP][39m [90m{"id":"9b8b811f-3174-451b-92f1-dccd6950eb55","text":"math","value":["m","a","t","h"]}[39m
[35m[HTTP][39m [37m<-- POST /wd/hub/session/7981fe2e-d6b7-4cb7-92ec-76b8ea85ef86/element/9b8b811f-3174-451b-92f1-dccd6950eb55/value [39m[32m200[39m [90m791 ms - 14[39m
[35m[HTTP][39m [90m[39m
[35m[HTTP][39m [37m-->[39m [37mGET[39m [37m/wd/hub/session/7981fe2e-d6b7-4cb7-92ec-76b8ea85ef86/source[39m
[35m[HTTP][39m [90m{}[39m
[35m[W3C (7981fe2e)][39m Driver proxy active, passing request on via HTTP proxy
[35m[WD Proxy][39m Replacing sessionId 1f01f552-4dac-49fb-896b-9a13b893a9ba with 7981fe2e-d6b7-4cb7-92ec-76b8ea85ef86
[35m[HTTP][39m [37m<-- GET /wd/hub/session/7981fe2e-d6b7-4cb7-92ec-76b8ea85ef86/source [39m[32m200[39m [90m111 ms - 9849[39m
[35m[HTTP][39m [90m[39m
[35m[HTTP][39m [37m-->[39m [37mGET[39m [37m/wd/hub/session/7981fe2e-d6b7-4cb7-92ec-76b8ea85ef86/screenshot[39m
[35m[HTTP][39m [90m{}[39m
[35m[HTTP][39m [37m<-- GET /wd/hub/session/7981fe2e-d6b7-4cb7-92ec-76b8ea85ef86/screenshot [39m[32m200[39m [90m585 ms - 123520[39m
[35m[HTTP][39m [90m[39m
[35m[HTTP][39m [37m-->[39m [37mGET[39m [37m/wd/hub/session/7981fe2e-d6b7-4cb7-92ec-76b8ea85ef86/context[39m
[35m[HTTP][39m [90m{}[39m
[35m[HTTP][39m [37m<-- GET /wd/hub/session/7981fe2e-d6b7-4cb7-92ec-76b8ea85ef86/context [39m[32m200[39m [90m1 ms - 22[39m
[35m[HTTP][39m [90m[39m
[35m[HTTP][39m [37m-->[39m [37mGET[39m [37m/wd/hub/session/7981fe2e-d6b7-4cb7-92ec-76b8ea85ef86/contexts[39m
[35m[HTTP][39m [90m{}[39m
[35m[AndroidDriver][39m Not checking whether webviews have active pages; use the 'ensureWebviewsHavePages' cap to turn this check on
[35m[HTTP][39m [37m<-- GET /wd/hub/session/7981fe2e-d6b7-4cb7-92ec-76b8ea85ef86/contexts [39m[32m200[39m [90m43 ms - 24[39m
[35m[HTTP][39m [90m[39m
[35m[HTTP][39m [37m-->[39m [37mPOST[39m [37m/wd/hub/session/7981fe2e-d6b7-4cb7-92ec-76b8ea85ef86/context[39m
[35m[HTTP][39m [90m{"name":"NATIVE_APP"}[39m
[35m[HTTP][39m [37m<-- POST /wd/hub/session/7981fe2e-d6b7-4cb7-92ec-76b8ea85ef86/context [39m[32m200[39m [90m1 ms - 14[39m
[35m[HTTP][39m [90m[39m
[35m[HTTP][39m [37m-->[39m [37mPOST[39m [37m/wd/hub/session/7981fe2e-d6b7-4cb7-92ec-76b8ea85ef86/appium/device/hide_keyboard[39m
[35m[HTTP][39m [90m{}[39m
[35m[HTTP][39m [37m<-- POST /wd/hub/session/7981fe2e-d6b7-4cb7-92ec-76b8ea85ef86/appium/device/hide_keyboard [39m[32m200[39m [90m1211 ms - 14[39m
[35m[HTTP][39m [90m[39m
[35m[HTTP][39m [37m-->[39m [37mPOST[39m [37m/wd/hub/session/7981fe2e-d6b7-4cb7-92ec-76b8ea85ef86/context[39m
[35m[HTTP][39m [90m{"name":"NATIVE_APP"}[39m
[35m[HTTP][39m [37m<-- POST /wd/hub/session/7981fe2e-d6b7-4cb7-92ec-76b8ea85ef86/context [39m[32m200[39m [90m2 ms - 14[39m
[35m[HTTP][39m [90m[39m
[35m[HTTP][39m [37m-->[39m [37mGET[39m [37m/wd/hub/session/7981fe2e-d6b7-4cb7-92ec-76b8ea85ef86/source[39m
[35m[HTTP][39m [90m{}[39m
[35m[W3C (7981fe2e)][39m Driver proxy active, passing request on via HTTP proxy
[35m[WD Proxy][39m Replacing sessionId 1f01f552-4dac-49fb-896b-9a13b893a9ba with 7981fe2e-d6b7-4cb7-92ec-76b8ea85ef86
[35m[HTTP][39m [37m<-- GET /wd/hub/session/7981fe2e-d6b7-4cb7-92ec-76b8ea85ef86/source [39m[32m200[39m [90m788 ms - 9849[39m
[35m[HTTP][39m [90m[39m
[35m[HTTP][39m [37m-->[39m [37mGET[39m [37m/wd/hub/session/7981fe2e-d6b7-4cb7-92ec-76b8ea85ef86/screenshot[39m
[35m[HTTP][39m [90m{}[39m
[35m[HTTP][39m [37m<-- GET /wd/hub/session/7981fe2e-d6b7-4cb7-92ec-76b8ea85ef86/screenshot [39m[32m200[39m [90m505 ms - 69560[39m
[35m[HTTP][39m [90m[39m
[35m[HTTP][39m [37m-->[39m [37mGET[39m [37m/wd/hub/session/7981fe2e-d6b7-4cb7-92ec-76b8ea85ef86/window/rect[39m
[35m[HTTP][39m [90m{}[39m
[35m[HTTP][39m [37m<-- GET /wd/hub/session/7981fe2e-d6b7-4cb7-92ec-76b8ea85ef86/window/rect [39m[32m200[39m [90m15 ms - 49[39m
[35m[HTTP][39m [90m[39m
[35m[HTTP][39m [37m-->[39m [37mPOST[39m [37m/wd/hub/session/7981fe2e-d6b7-4cb7-92ec-76b8ea85ef86/elements[39m
[35m[HTTP][39m [90m{"using":"xpath","value":"//hierarchy/android.widget.FrameLayout[1]/android.widget.LinearLayout[1]/android.widget.FrameLayout[1]/android.view.ViewGroup[1]/android.widget.FrameLayout[2]/android.view.ViewGroup[1]/android.widget.EditText[3]"}[39m
[35m[HTTP][39m [37m<-- POST /wd/hub/session/7981fe2e-d6b7-4cb7-92ec-76b8ea85ef86/elements [39m[32m200[39m [90m138 ms - 139[39m
[35m[HTTP][39m [90m[39m
[35m[HTTP][39m [37m-->[39m [37mGET[39m [37m/wd/hub/session/7981fe2e-d6b7-4cb7-92ec-76b8ea85ef86/element/6e0aa31b-3bbd-46a5-9b64-a48662b27c00/location[39m
[35m[HTTP][39m [90m{}[39m
[35m[W3C (7981fe2e)][39m Driver proxy active, passing request on via HTTP proxy
[35m[WD Proxy][39m Replacing sessionId 1f01f552-4dac-49fb-896b-9a13b893a9ba with 7981fe2e-d6b7-4cb7-92ec-76b8ea85ef86
[35m[HTTP][39m [37m<-- GET /wd/hub/session/7981fe2e-d6b7-4cb7-92ec-76b8ea85ef86/element/6e0aa31b-3bbd-46a5-9b64-a48662b27c00/location [39m[32m200[39m [90m626 ms - 78[39m
[35m[HTTP][39m [90m[39m
[35m[HTTP][39m [37m-->[39m [37mPOST[39m [37m/wd/hub/session/7981fe2e-d6b7-4cb7-92ec-76b8ea85ef86/touch/perform[39m
[35m[HTTP][39m [90m{"actions":[{"action":"tap","options":{"x":1,"y":1,"element":"6e0aa31b-3bbd-46a5-9b64-a48662b27c00"}}]}[39m
[35m[UiAutomator2][39m calling get location: 6e0aa31b-3bbd-46a5-9b64-a48662b27c00
[35m[HTTP][39m [37m<-- POST /wd/hub/session/7981fe2e-d6b7-4cb7-92ec-76b8ea85ef86/touch/perform [39m[32m200[39m [90m67 ms - 14[39m
[35m[HTTP][39m [90m[39m
[35m[HTTP][39m [37m-->[39m [37mGET[39m [37m/wd/hub/session/7981fe2e-d6b7-4cb7-92ec-76b8ea85ef86/source[39m
[35m[HTTP][39m [90m{}[39m
[35m[W3C (7981fe2e)][39m Driver proxy active, passing request on via HTTP proxy
[35m[WD Proxy][39m Replacing sessionId 1f01f552-4dac-49fb-896b-9a13b893a9ba with 7981fe2e-d6b7-4cb7-92ec-76b8ea85ef86
[35m[HTTP][39m [37m<-- GET /wd/hub/session/7981fe2e-d6b7-4cb7-92ec-76b8ea85ef86/source [39m[32m200[39m [90m582 ms - 9849[39m
[35m[HTTP][39m [90m[39m
[35m[HTTP][39m [37m-->[39m [37mGET[39m [37m/wd/hub/session/7981fe2e-d6b7-4cb7-92ec-76b8ea85ef86/screenshot[39m
[35m[HTTP][39m [90m{}[39m
[35m[HTTP][39m [37m<-- GET /wd/hub/session/7981fe2e-d6b7-4cb7-92ec-76b8ea85ef86/screenshot [39m[32m200[39m [90m585 ms - 123302[39m
[35m[HTTP][39m [90m[39m
[35m[HTTP][39m [37m-->[39m [37mGET[39m [37m/wd/hub/session/7981fe2e-d6b7-4cb7-92ec-76b8ea85ef86/window/rect[39m
[35m[HTTP][39m [90m{}[39m
[35m[HTTP][39m [37m<-- GET /wd/hub/session/7981fe2e-d6b7-4cb7-92ec-76b8ea85ef86/window/rect [39m[32m200[39m [90m13 ms - 49[39m
[35m[HTTP][39m [90m[39m
[35m[HTTP][39m [37m-->[39m [37mPOST[39m [37m/wd/hub/session/7981fe2e-d6b7-4cb7-92ec-76b8ea85ef86/elements[39m
[35m[HTTP][39m [90m{"using":"xpath","value":"//hierarchy/android.widget.FrameLayout[1]/android.widget.LinearLayout[1]/android.widget.FrameLayout[1]/android.view.ViewGroup[1]/android.widget.FrameLayout[2]/android.view.ViewGroup[1]/android.widget.EditText[3]"}[39m
[35m[HTTP][39m [37m<-- POST /wd/hub/session/7981fe2e-d6b7-4cb7-92ec-76b8ea85ef86/elements [39m[32m200[39m [90m236 ms - 139[39m
[35m[HTTP][39m [90m[39m
[35m[HTTP][39m [37m-->[39m [37mGET[39m [37m/wd/hub/session/7981fe2e-d6b7-4cb7-92ec-76b8ea85ef86/element/7ebfca04-9808-43f7-8ac2-43cdbad70254/location[39m
[35m[HTTP][39m [90m{}[39m
[35m[W3C (7981fe2e)][39m Driver proxy active, passing request on via HTTP proxy
[35m[WD Proxy][39m Replacing sessionId 1f01f552-4dac-49fb-896b-9a13b893a9ba with 7981fe2e-d6b7-4cb7-92ec-76b8ea85ef86
[35m[HTTP][39m [37m<-- GET /wd/hub/session/7981fe2e-d6b7-4cb7-92ec-76b8ea85ef86/element/7ebfca04-9808-43f7-8ac2-43cdbad70254/location [39m[32m200[39m [90m17 ms - 78[39m
[35m[HTTP][39m [90m[39m
[35m[HTTP][39m [37m-->[39m [37mPOST[39m [37m/wd/hub/session/7981fe2e-d6b7-4cb7-92ec-76b8ea85ef86/element/7ebfca04-9808-43f7-8ac2-43cdbad70254/clear[39m
[35m[HTTP][39m [90m{"id":"7ebfca04-9808-43f7-8ac2-43cdbad70254"}[39m
[35m[HTTP][39m [37m<-- POST /wd/hub/session/7981fe2e-d6b7-4cb7-92ec-76b8ea85ef86/element/7ebfca04-9808-43f7-8ac2-43cdbad70254/clear [39m[32m200[39m [90m40 ms - 14[39m
[35m[HTTP][39m [90m[39m
[35m[HTTP][39m [37m-->[39m [37mPOST[39m [37m/wd/hub/session/7981fe2e-d6b7-4cb7-92ec-76b8ea85ef86/element/7ebfca04-9808-43f7-8ac2-43cdbad70254/value[39m
[35m[HTTP][39m [90m{"id":"7ebfca04-9808-43f7-8ac2-43cdbad70254","text":"3","value":["3"]}[39m
[35m[HTTP][39m [37m<-- POST /wd/hub/session/7981fe2e-d6b7-4cb7-92ec-76b8ea85ef86/element/7ebfca04-9808-43f7-8ac2-43cdbad70254/value [39m[32m200[39m [90m505 ms - 14[39m
[35m[HTTP][39m [90m[39m
[35m[HTTP][39m [37m-->[39m [37mGET[39m [37m/wd/hub/session/7981fe2e-d6b7-4cb7-92ec-76b8ea85ef86/source[39m
[35m[HTTP][39m [90m{}[39m
[35m[W3C (7981fe2e)][39m Driver proxy active, passing request on via HTTP proxy
[35m[WD Proxy][39m Replacing sessionId 1f01f552-4dac-49fb-896b-9a13b893a9ba with 7981fe2e-d6b7-4cb7-92ec-76b8ea85ef86
[35m[HTTP][39m [37m<-- GET /wd/hub/session/7981fe2e-d6b7-4cb7-92ec-76b8ea85ef86/source [39m[32m200[39m [90m110 ms - 9849[39m
[35m[HTTP][39m [90m[39m
[35m[HTTP][39m [37m-->[39m [37mGET[39m [37m/wd/hub/session/7981fe2e-d6b7-4cb7-92ec-76b8ea85ef86/screenshot[39m
[35m[HTTP][39m [90m{}[39m
[35m[HTTP][39m [37m<-- GET /wd/hub/session/7981fe2e-d6b7-4cb7-92ec-76b8ea85ef86/screenshot [39m[32m200[39m [90m586 ms - 123228[39m
[35m[HTTP][39m [90m[39m
[35m[HTTP][39m [37m-->[39m [37mGET[39m [37m/wd/hub/session/7981fe2e-d6b7-4cb7-92ec-76b8ea85ef86/context[39m
[35m[HTTP][39m [90m{}[39m
[35m[HTTP][39m [37m<-- GET /wd/hub/session/7981fe2e-d6b7-4cb7-92ec-76b8ea85ef86/context [39m[32m200[39m [90m1 ms - 22[39m
[35m[HTTP][39m [90m[39m
[35m[HTTP][39m [37m-->[39m [37mGET[39m [37m/wd/hub/session/7981fe2e-d6b7-4cb7-92ec-76b8ea85ef86/contexts[39m
[35m[HTTP][39m [90m{}[39m
[35m[AndroidDriver][39m Not checking whether webviews have active pages; use the 'ensureWebviewsHavePages' cap to turn this check on
[35m[HTTP][39m [37m<-- GET /wd/hub/session/7981fe2e-d6b7-4cb7-92ec-76b8ea85ef86/contexts [39m[32m200[39m [90m42 ms - 24[39m
[35m[HTTP][39m [90m[39m
[35m[HTTP][39m [37m-->[39m [37mPOST[39m [37m/wd/hub/session/7981fe2e-d6b7-4cb7-92ec-76b8ea85ef86/context[39m
[35m[HTTP][39m [90m{"name":"NATIVE_APP"}[39m
[35m[HTTP][39m [37m<-- POST /wd/hub/session/7981fe2e-d6b7-4cb7-92ec-76b8ea85ef86/context [39m[32m200[39m [90m1 ms - 14[39m
[35m[HTTP][39m [90m[39m
[35m[HTTP][39m [37m-->[39m [37mPOST[39m [37m/wd/hub/session/7981fe2e-d6b7-4cb7-92ec-76b8ea85ef86/appium/device/hide_keyboard[39m
[35m[HTTP][39m [90m{}[39m
[35m[HTTP][39m [37m<-- POST /wd/hub/session/7981fe2e-d6b7-4cb7-92ec-76b8ea85ef86/appium/device/hide_keyboard [39m[32m200[39m [90m1267 ms - 14[39m
[35m[HTTP][39m [90m[39m
[35m[HTTP][39m [37m-->[39m [37mPOST[39m [37m/wd/hub/session/7981fe2e-d6b7-4cb7-92ec-76b8ea85ef86/context[39m
[35m[HTTP][39m [90m{"name":"NATIVE_APP"}[39m
[35m[HTTP][39m [37m<-- POST /wd/hub/session/7981fe2e-d6b7-4cb7-92ec-76b8ea85ef86/context [39m[32m200[39m [90m2 ms - 14[39m
[35m[HTTP][39m [90m[39m
[35m[HTTP][39m [37m-->[39m [37mGET[39m [37m/wd/hub/session/7981fe2e-d6b7-4cb7-92ec-76b8ea85ef86/source[39m
[35m[HTTP][39m [90m{}[39m
[35m[W3C (7981fe2e)][39m Driver proxy active, passing request on via HTTP proxy
[35m[WD Proxy][39m Replacing sessionId 1f01f552-4dac-49fb-896b-9a13b893a9ba with 7981fe2e-d6b7-4cb7-92ec-76b8ea85ef86
[35m[HTTP][39m [37m<-- GET /wd/hub/session/7981fe2e-d6b7-4cb7-92ec-76b8ea85ef86/source [39m[32m200[39m [90m466 ms - 9849[39m
[35m[HTTP][39m [90m[39m
[35m[HTTP][39m [37m-->[39m [37mGET[39m [37m/wd/hub/session/7981fe2e-d6b7-4cb7-92ec-76b8ea85ef86/screenshot[39m
[35m[HTTP][39m [90m{}[39m
[35m[HTTP][39m [37m<-- GET /wd/hub/session/7981fe2e-d6b7-4cb7-92ec-76b8ea85ef86/screenshot [39m[32m200[39m [90m526 ms - 69432[39m
[35m[HTTP][39m [90m[39m
[35m[HTTP][39m [37m-->[39m [37mGET[39m [37m/wd/hub/session/7981fe2e-d6b7-4cb7-92ec-76b8ea85ef86/window/rect[39m
[35m[HTTP][39m [90m{}[39m
[35m[HTTP][39m [37m<-- GET /wd/hub/session/7981fe2e-d6b7-4cb7-92ec-76b8ea85ef86/window/rect [39m[32m200[39m [90m16 ms - 49[39m
[35m[HTTP][39m [90m[39m
[35m[HTTP][39m [37m-->[39m [37mPOST[39m [37m/wd/hub/session/7981fe2e-d6b7-4cb7-92ec-76b8ea85ef86/elements[39m
[35m[HTTP][39m [90m{"using":"xpath","value":"//hierarchy/android.widget.FrameLayout[1]/android.widget.LinearLayout[1]/android.widget.FrameLayout[1]/android.view.ViewGroup[1]/android.widget.FrameLayout[2]/android.view.ViewGroup[1]/android.widget.Spinner[1]"}[39m
[35m[HTTP][39m [37m<-- POST /wd/hub/session/7981fe2e-d6b7-4cb7-92ec-76b8ea85ef86/elements [39m[32m200[39m [90m701 ms - 139[39m
[35m[HTTP][39m [90m[39m
[35m[HTTP][39m [37m-->[39m [37mGET[39m [37m/wd/hub/session/7981fe2e-d6b7-4cb7-92ec-76b8ea85ef86/element/ff750635-bfb0-437a-8879-cf21f1832a04/location[39m
[35m[HTTP][39m [90m{}[39m
[35m[W3C (7981fe2e)][39m Driver proxy active, passing request on via HTTP proxy
[35m[WD Proxy][39m Replacing sessionId 1f01f552-4dac-49fb-896b-9a13b893a9ba with 7981fe2e-d6b7-4cb7-92ec-76b8ea85ef86
[35m[HTTP][39m [37m<-- GET /wd/hub/session/7981fe2e-d6b7-4cb7-92ec-76b8ea85ef86/element/ff750635-bfb0-437a-8879-cf21f1832a04/location [39m[32m200[39m [90m28 ms - 78[39m
[35m[HTTP][39m [90m[39m
[35m[HTTP][39m [37m-->[39m [37mPOST[39m [37m/wd/hub/session/7981fe2e-d6b7-4cb7-92ec-76b8ea85ef86/touch/perform[39m
[35m[HTTP][39m [90m{"actions":[{"action":"tap","options":{"x":1,"y":1,"element":"ff750635-bfb0-437a-8879-cf21f1832a04"}}]}[39m
[35m[UiAutomator2][39m calling get location: ff750635-bfb0-437a-8879-cf21f1832a04
[35m[HTTP][39m [37m<-- POST /wd/hub/session/7981fe2e-d6b7-4cb7-92ec-76b8ea85ef86/touch/perform [39m[32m200[39m [90m49 ms - 14[39m
[35m[HTTP][39m [90m[39m
[35m[HTTP][39m [37m-->[39m [37mGET[39m [37m/wd/hub/session/7981fe2e-d6b7-4cb7-92ec-76b8ea85ef86/source[39m
[35m[HTTP][39m [90m{}[39m
[35m[W3C (7981fe2e)][39m Driver proxy active, passing request on via HTTP proxy
[35m[WD Proxy][39m Replacing sessionId 1f01f552-4dac-49fb-896b-9a13b893a9ba with 7981fe2e-d6b7-4cb7-92ec-76b8ea85ef86
[35m[HTTP][39m [37m<-- GET /wd/hub/session/7981fe2e-d6b7-4cb7-92ec-76b8ea85ef86/source [39m[32m200[39m [90m387 ms - 4323[39m
[35m[HTTP][39m [90m[39m
[35m[HTTP][39m [37m-->[39m [37mGET[39m [37m/wd/hub/session/7981fe2e-d6b7-4cb7-92ec-76b8ea85ef86/screenshot[39m
[35m[HTTP][39m [90m{}[39m
[35m[HTTP][39m [37m<-- GET /wd/hub/session/7981fe2e-d6b7-4cb7-92ec-76b8ea85ef86/screenshot [39m[32m200[39m [90m540 ms - 87164[39m
[35m[HTTP][39m [90m[39m
[35m[HTTP][39m [37m-->[39m [37mGET[39m [37m/wd/hub/session/7981fe2e-d6b7-4cb7-92ec-76b8ea85ef86/window/rect[39m
[35m[HTTP][39m [90m{}[39m
[35m[HTTP][39m [37m<-- GET /wd/hub/session/7981fe2e-d6b7-4cb7-92ec-76b8ea85ef86/window/rect [39m[32m200[39m [90m13 ms - 49[39m
[35m[HTTP][39m [90m[39m
[35m[HTTP][39m [37m-->[39m [37mPOST[39m [37m/wd/hub/session/7981fe2e-d6b7-4cb7-92ec-76b8ea85ef86/elements[39m
[35m[HTTP][39m [90m{"using":"xpath","value":"//hierarchy/android.widget.FrameLayout[1]/android.widget.FrameLayout[1]/android.widget.ListView[1]/android.widget.TextView[4]"}[39m
[35m[HTTP][39m [37m<-- POST /wd/hub/session/7981fe2e-d6b7-4cb7-92ec-76b8ea85ef86/elements [39m[32m200[39m [90m78 ms - 139[39m
[35m[HTTP][39m [90m[39m
[35m[HTTP][39m [37m-->[39m [37mGET[39m [37m/wd/hub/session/7981fe2e-d6b7-4cb7-92ec-76b8ea85ef86/element/2ebc152f-14f5-4638-a64c-df4e4710cc84/location[39m
[35m[HTTP][39m [90m{}[39m
[35m[W3C (7981fe2e)][39m Driver proxy active, passing request on via HTTP proxy
[35m[WD Proxy][39m Replacing sessionId 1f01f552-4dac-49fb-896b-9a13b893a9ba with 7981fe2e-d6b7-4cb7-92ec-76b8ea85ef86
[35m[HTTP][39m [37m<-- GET /wd/hub/session/7981fe2e-d6b7-4cb7-92ec-76b8ea85ef86/element/2ebc152f-14f5-4638-a64c-df4e4710cc84/location [39m[32m200[39m [90m22 ms - 78[39m
[35m[HTTP][39m [90m[39m
[35m[HTTP][39m [37m-->[39m [37mPOST[39m [37m/wd/hub/session/7981fe2e-d6b7-4cb7-92ec-76b8ea85ef86/touch/perform[39m
[35m[HTTP][39m [90m{"actions":[{"action":"tap","options":{"x":1,"y":1,"element":"2ebc152f-14f5-4638-a64c-df4e4710cc84"}}]}[39m
[35m[UiAutomator2][39m calling get location: 2ebc152f-14f5-4638-a64c-df4e4710cc84
[35m[HTTP][39m [37m<-- POST /wd/hub/session/7981fe2e-d6b7-4cb7-92ec-76b8ea85ef86/touch/perform [39m[32m200[39m [90m748 ms - 14[39m
[35m[HTTP][39m [90m[39m
[35m[HTTP][39m [37m-->[39m [37mGET[39m [37m/wd/hub/session/7981fe2e-d6b7-4cb7-92ec-76b8ea85ef86/source[39m
[35m[HTTP][39m [90m{}[39m
[35m[W3C (7981fe2e)][39m Driver proxy active, passing request on via HTTP proxy
[35m[WD Proxy][39m Replacing sessionId 1f01f552-4dac-49fb-896b-9a13b893a9ba with 7981fe2e-d6b7-4cb7-92ec-76b8ea85ef86
[35m[HTTP][39m [37m<-- GET /wd/hub/session/7981fe2e-d6b7-4cb7-92ec-76b8ea85ef86/source [39m[32m200[39m [90m133 ms - 9849[39m
[35m[HTTP][39m [90m[39m
[35m[HTTP][39m [37m-->[39m [37mGET[39m [37m/wd/hub/session/7981fe2e-d6b7-4cb7-92ec-76b8ea85ef86/screenshot[39m
[35m[HTTP][39m [90m{}[39m
[35m[HTTP][39m [37m<-- GET /wd/hub/session/7981fe2e-d6b7-4cb7-92ec-76b8ea85ef86/screenshot [39m[32m200[39m [90m533 ms - 70044[39m
[35m[HTTP][39m [90m[39m
[35m[HTTP][39m [37m-->[39m [37mGET[39m [37m/wd/hub/session/7981fe2e-d6b7-4cb7-92ec-76b8ea85ef86/window/rect[39m
[35m[HTTP][39m [90m{}[39m
[35m[HTTP][39m [37m<-- GET /wd/hub/session/7981fe2e-d6b7-4cb7-92ec-76b8ea85ef86/window/rect [39m[32m200[39m [90m15 ms - 49[39m
[35m[HTTP][39m [90m[39m
[35m[HTTP][39m [37m-->[39m [37mPOST[39m [37m/wd/hub/session/7981fe2e-d6b7-4cb7-92ec-76b8ea85ef86/elements[39m
[35m[HTTP][39m [90m{"using":"xpath","value":"//hierarchy/android.widget.FrameLayout[1]/android.widget.LinearLayout[1]/android.widget.FrameLayout[1]/android.view.ViewGroup[1]/android.widget.FrameLayout[2]/android.view.ViewGroup[1]/android.widget.Spinner[2]"}[39m
[35m[HTTP][39m [37m<-- POST /wd/hub/session/7981fe2e-d6b7-4cb7-92ec-76b8ea85ef86/elements [39m[32m200[39m [90m135 ms - 139[39m
[35m[HTTP][39m [90m[39m
[35m[HTTP][39m [37m-->[39m [37mGET[39m [37m/wd/hub/session/7981fe2e-d6b7-4cb7-92ec-76b8ea85ef86/element/52b33877-51c0-4a66-a086-ce1d1fc9abcc/location[39m
[35m[HTTP][39m [90m{}[39m
[35m[W3C (7981fe2e)][39m Driver proxy active, passing request on via HTTP proxy
[35m[WD Proxy][39m Replacing sessionId 1f01f552-4dac-49fb-896b-9a13b893a9ba with 7981fe2e-d6b7-4cb7-92ec-76b8ea85ef86
[35m[HTTP][39m [37m<-- GET /wd/hub/session/7981fe2e-d6b7-4cb7-92ec-76b8ea85ef86/element/52b33877-51c0-4a66-a086-ce1d1fc9abcc/location [39m[32m200[39m [90m24 ms - 78[39m
[35m[HTTP][39m [90m[39m
[35m[HTTP][39m [37m-->[39m [37mPOST[39m [37m/wd/hub/session/7981fe2e-d6b7-4cb7-92ec-76b8ea85ef86/touch/perform[39m
[35m[HTTP][39m [90m{"actions":[{"action":"tap","options":{"x":1,"y":1,"element":"52b33877-51c0-4a66-a086-ce1d1fc9abcc"}}]}[39m
[35m[UiAutomator2][39m calling get location: 52b33877-51c0-4a66-a086-ce1d1fc9abcc
[35m[HTTP][39m [37m<-- POST /wd/hub/session/7981fe2e-d6b7-4cb7-92ec-76b8ea85ef86/touch/perform [39m[32m200[39m [90m57 ms - 14[39m
[35m[HTTP][39m [90m[39m
[35m[HTTP][39m [37m-->[39m [37mGET[39m [37m/wd/hub/session/7981fe2e-d6b7-4cb7-92ec-76b8ea85ef86/source[39m
[35m[HTTP][39m [90m{}[39m
[35m[W3C (7981fe2e)][39m Driver proxy active, passing request on via HTTP proxy
[35m[WD Proxy][39m Replacing sessionId 1f01f552-4dac-49fb-896b-9a13b893a9ba with 7981fe2e-d6b7-4cb7-92ec-76b8ea85ef86
[35m[HTTP][39m [37m<-- GET /wd/hub/session/7981fe2e-d6b7-4cb7-92ec-76b8ea85ef86/source [39m[32m200[39m [90m365 ms - 3086[39m
[35m[HTTP][39m [90m[39m
[35m[HTTP][39m [37m-->[39m [37mGET[39m [37m/wd/hub/session/7981fe2e-d6b7-4cb7-92ec-76b8ea85ef86/screenshot[39m
[35m[HTTP][39m [90m{}[39m
[35m[HTTP][39m [37m<-- GET /wd/hub/session/7981fe2e-d6b7-4cb7-92ec-76b8ea85ef86/screenshot [39m[32m200[39m [90m564 ms - 84340[39m
[35m[HTTP][39m [90m[39m
[35m[HTTP][39m [37m-->[39m [37mGET[39m [37m/wd/hub/session/7981fe2e-d6b7-4cb7-92ec-76b8ea85ef86/window/rect[39m
[35m[HTTP][39m [90m{}[39m
[35m[HTTP][39m [37m<-- GET /wd/hub/session/7981fe2e-d6b7-4cb7-92ec-76b8ea85ef86/window/rect [39m[32m200[39m [90m13 ms - 49[39m
[35m[HTTP][39m [90m[39m
[35m[HTTP][39m [37m-->[39m [37mPOST[39m [37m/wd/hub/session/7981fe2e-d6b7-4cb7-92ec-76b8ea85ef86/elements[39m
[35m[HTTP][39m [90m{"using":"xpath","value":"//hierarchy/android.widget.FrameLayout[1]/android.widget.FrameLayout[1]/android.widget.ListView[1]/android.widget.TextView[2]"}[39m
[35m[HTTP][39m [37m<-- POST /wd/hub/session/7981fe2e-d6b7-4cb7-92ec-76b8ea85ef86/elements [39m[32m200[39m [90m66 ms - 139[39m
[35m[HTTP][39m [90m[39m
[35m[HTTP][39m [37m-->[39m [37mGET[39m [37m/wd/hub/session/7981fe2e-d6b7-4cb7-92ec-76b8ea85ef86/element/f62be6fc-d733-4778-8570-ae478f4ea129/location[39m
[35m[HTTP][39m [90m{}[39m
[35m[W3C (7981fe2e)][39m Driver proxy active, passing request on via HTTP proxy
[35m[WD Proxy][39m Replacing sessionId 1f01f552-4dac-49fb-896b-9a13b893a9ba with 7981fe2e-d6b7-4cb7-92ec-76b8ea85ef86
[35m[HTTP][39m [37m<-- GET /wd/hub/session/7981fe2e-d6b7-4cb7-92ec-76b8ea85ef86/element/f62be6fc-d733-4778-8570-ae478f4ea129/location [39m[32m200[39m [90m19 ms - 78[39m
[35m[HTTP][39m [90m[39m
[35m[HTTP][39m [37m-->[39m [37mPOST[39m [37m/wd/hub/session/7981fe2e-d6b7-4cb7-92ec-76b8ea85ef86/touch/perform[39m
[35m[HTTP][39m [90m{"actions":[{"action":"tap","options":{"x":1,"y":1,"element":"f62be6fc-d733-4778-8570-ae478f4ea129"}}]}[39m
[35m[UiAutomator2][39m calling get location: f62be6fc-d733-4778-8570-ae478f4ea129
[35m[HTTP][39m [37m<-- POST /wd/hub/session/7981fe2e-d6b7-4cb7-92ec-76b8ea85ef86/touch/perform [39m[32m200[39m [90m745 ms - 14[39m
[35m[HTTP][39m [90m[39m
[35m[HTTP][39m [37m-->[39m [37mGET[39m [37m/wd/hub/session/7981fe2e-d6b7-4cb7-92ec-76b8ea85ef86/source[39m
[35m[HTTP][39m [90m{}[39m
[35m[W3C (7981fe2e)][39m Driver proxy active, passing request on via HTTP proxy
[35m[WD Proxy][39m Replacing sessionId 1f01f552-4dac-49fb-896b-9a13b893a9ba with 7981fe2e-d6b7-4cb7-92ec-76b8ea85ef86
[35m[HTTP][39m [37m<-- GET /wd/hub/session/7981fe2e-d6b7-4cb7-92ec-76b8ea85ef86/source [39m[32m200[39m [90m112 ms - 9849[39m
[35m[HTTP][39m [90m[39m
[35m[HTTP][39m [37m-->[39m [37mGET[39m [37m/wd/hub/session/7981fe2e-d6b7-4cb7-92ec-76b8ea85ef86/screenshot[39m
[35m[HTTP][39m [90m{}[39m
[35m[HTTP][39m [37m<-- GET /wd/hub/session/7981fe2e-d6b7-4cb7-92ec-76b8ea85ef86/screenshot [39m[32m200[39m [90m532 ms - 70542[39m
[35m[HTTP][39m [90m[39m
[35m[HTTP][39m [37m-->[39m [37mGET[39m [37m/wd/hub/session/7981fe2e-d6b7-4cb7-92ec-76b8ea85ef86/window/rect[39m
[35m[HTTP][39m [90m{}[39m
[35m[HTTP][39m [37m<-- GET /wd/hub/session/7981fe2e-d6b7-4cb7-92ec-76b8ea85ef86/window/rect [39m[32m200[39m [90m13 ms - 49[39m
[35m[HTTP][39m [90m[39m
[35m[HTTP][39m [37m-->[39m [37mPOST[39m [37m/wd/hub/session/7981fe2e-d6b7-4cb7-92ec-76b8ea85ef86/elements[39m
[35m[HTTP][39m [90m{"using":"xpath","value":"//hierarchy/android.widget.FrameLayout[1]/android.widget.LinearLayout[1]/android.widget.FrameLayout[1]/android.view.ViewGroup[1]/android.widget.FrameLayout[2]/android.view.ViewGroup[1]/android.widget.Button[1]"}[39m
[35m[HTTP][39m [37m<-- POST /wd/hub/session/7981fe2e-d6b7-4cb7-92ec-76b8ea85ef86/elements [39m[32m200[39m [90m133 ms - 139[39m
[35m[HTTP][39m [90m[39m
[35m[HTTP][39m [37m-->[39m [37mGET[39m [37m/wd/hub/session/7981fe2e-d6b7-4cb7-92ec-76b8ea85ef86/element/2b69a259-fc3b-44f7-ad16-ff0d37a08f0d/location[39m
[35m[HTTP][39m [90m{}[39m
[35m[W3C (7981fe2e)][39m Driver proxy active, passing request on via HTTP proxy
[35m[WD Proxy][39m Replacing sessionId 1f01f552-4dac-49fb-896b-9a13b893a9ba with 7981fe2e-d6b7-4cb7-92ec-76b8ea85ef86
[35m[HTTP][39m [37m<-- GET /wd/hub/session/7981fe2e-d6b7-4cb7-92ec-76b8ea85ef86/element/2b69a259-fc3b-44f7-ad16-ff0d37a08f0d/location [39m[32m200[39m [90m26 ms - 77[39m
[35m[HTTP][39m [90m[39m
[35m[HTTP][39m [37m-->[39m [37mPOST[39m [37m/wd/hub/session/7981fe2e-d6b7-4cb7-92ec-76b8ea85ef86/touch/perform[39m
[35m[HTTP][39m [90m{"actions":[{"action":"tap","options":{"x":1,"y":1,"element":"2b69a259-fc3b-44f7-ad16-ff0d37a08f0d"}}]}[39m
[35m[UiAutomator2][39m calling get location: 2b69a259-fc3b-44f7-ad16-ff0d37a08f0d
[35m[HTTP][39m [37m<-- POST /wd/hub/session/7981fe2e-d6b7-4cb7-92ec-76b8ea85ef86/touch/perform [39m[32m200[39m [90m48 ms - 14[39m
[35m[HTTP][39m [90m[39m
[35m[HTTP][39m [37m-->[39m [37mGET[39m [37m/wd/hub/session/7981fe2e-d6b7-4cb7-92ec-76b8ea85ef86/source[39m
[35m[HTTP][39m [90m{}[39m
[35m[W3C (7981fe2e)][39m Driver proxy active, passing request on via HTTP proxy
[35m[WD Proxy][39m Replacing sessionId 1f01f552-4dac-49fb-896b-9a13b893a9ba with 7981fe2e-d6b7-4cb7-92ec-76b8ea85ef86
[35m[HTTP][39m [37m<-- GET /wd/hub/session/7981fe2e-d6b7-4cb7-92ec-76b8ea85ef86/source [39m[32m200[39m [90m228 ms - 6944[39m
[35m[HTTP][39m [90m[39m
[35m[HTTP][39m [37m-->[39m [37mGET[39m [37m/wd/hub/session/7981fe2e-d6b7-4cb7-92ec-76b8ea85ef86/screenshot[39m
[35m[HTTP][39m [90m{}[39m
[35m[HTTP][39m [37m<-- GET /wd/hub/session/7981fe2e-d6b7-4cb7-92ec-76b8ea85ef86/screenshot [39m[32m200[39m [90m550 ms - 74446[39m
[35m[HTTP][39m [90m[39m
[35m[HTTP][39m [37m-->[39m [37mGET[39m [37m/wd/hub/session/7981fe2e-d6b7-4cb7-92ec-76b8ea85ef86/window/rect[39m
[35m[HTTP][39m [90m{}[39m
[35m[HTTP][39m [37m<-- GET /wd/hub/session/7981fe2e-d6b7-4cb7-92ec-76b8ea85ef86/window/rect [39m[32m200[39m [90m14 ms - 49[39m
[35m[HTTP][39m [90m[39m
[35m[HTTP][39m [37m-->[39m [37mPOST[39m [37m/wd/hub/session/7981fe2e-d6b7-4cb7-92ec-76b8ea85ef86/elements[39m
[35m[HTTP][39m [90m{"using":"xpath","value":"//hierarchy/android.widget.FrameLayout[1]/android.widget.LinearLayout[1]/android.widget.FrameLayout[1]/android.widget.FrameLayout[1]/android.widget.FrameLayout[1]/androidx.appcompat.widget.LinearLayoutCompat[1]/android.widget.ScrollView[1]/android.widget.LinearLayout[1]/android.widget.Button[2]"}[39m
[35m[HTTP][39m [37m<-- POST /wd/hub/session/7981fe2e-d6b7-4cb7-92ec-76b8ea85ef86/elements [39m[32m200[39m [90m424 ms - 139[39m
[35m[HTTP][39m [90m[39m
[35m[HTTP][39m [37m-->[39m [37mGET[39m [37m/wd/hub/session/7981fe2e-d6b7-4cb7-92ec-76b8ea85ef86/element/0a32c5b4-ed90-44b5-9157-e1bae30a3bb4/location[39m
[35m[HTTP][39m [90m{}[39m
[35m[W3C (7981fe2e)][39m Driver proxy active, passing request on via HTTP proxy
[35m[WD Proxy][39m Replacing sessionId 1f01f552-4dac-49fb-896b-9a13b893a9ba with 7981fe2e-d6b7-4cb7-92ec-76b8ea85ef86
[35m[HTTP][39m [37m<-- GET /wd/hub/session/7981fe2e-d6b7-4cb7-92ec-76b8ea85ef86/element/0a32c5b4-ed90-44b5-9157-e1bae30a3bb4/location [39m[32m200[39m [90m18 ms - 78[39m
[35m[HTTP][39m [90m[39m
[35m[HTTP][39m [37m-->[39m [37mPOST[39m [37m/wd/hub/session/7981fe2e-d6b7-4cb7-92ec-76b8ea85ef86/touch/perform[39m
[35m[HTTP][39m [90m{"actions":[{"action":"tap","options":{"x":1,"y":1,"element":"0a32c5b4-ed90-44b5-9157-e1bae30a3bb4"}}]}[39m
[35m[UiAutomator2][39m calling get location: 0a32c5b4-ed90-44b5-9157-e1bae30a3bb4
[35m[HTTP][39m [37m<-- POST /wd/hub/session/7981fe2e-d6b7-4cb7-92ec-76b8ea85ef86/touch/perform [39m[32m200[39m [90m46 ms - 14[39m
[35m[HTTP][39m [90m[39m
[35m[HTTP][39m [37m-->[39m [37mGET[39m [37m/wd/hub/session/7981fe2e-d6b7-4cb7-92ec-76b8ea85ef86/source[39m
[35m[HTTP][39m [90m{}[39m
[35m[W3C (7981fe2e)][39m Driver proxy active, passing request on via HTTP proxy
[35m[WD Proxy][39m Replacing sessionId 1f01f552-4dac-49fb-896b-9a13b893a9ba with 7981fe2e-d6b7-4cb7-92ec-76b8ea85ef86
[35m[HTTP][39m [37m<-- GET /wd/hub/session/7981fe2e-d6b7-4cb7-92ec-76b8ea85ef86/source [39m[32m200[39m [90m591 ms - 9465[39m
[35m[HTTP][39m [90m[39m
[35m[HTTP][39m [37m-->[39m [37mGET[39m [37m/wd/hub/session/7981fe2e-d6b7-4cb7-92ec-76b8ea85ef86/screenshot[39m
[35m[HTTP][39m [90m{}[39m
[35m[HTTP][39m [37m<-- GET /wd/hub/session/7981fe2e-d6b7-4cb7-92ec-76b8ea85ef86/screenshot [39m[32m200[39m [90m562 ms - 99636[39m
[35m[HTTP][39m [90m[39m
[35m[HTTP][39m [37m-->[39m [37mDELETE[39m [37m/wd/hub/session/7981fe2e-d6b7-4cb7-92ec-76b8ea85ef86[39m
[35m[HTTP][39m [90m{}[39m
[35m[Appium][39m Removing session 7981fe2e-d6b7-4cb7-92ec-76b8ea85ef86 from our master session list
